00:00:00.714458 VirtualBox GUI VM Selector Window 6.1.34 r150636 linux.amd64 (Apr 21 2022 20:04:42) release log
00:00:00.714461 Log opened 2022-04-28T20:25:35.450916000Z
00:00:00.714462 Build Type: release
00:00:00.714465 OS Product: Linux
00:00:00.714466 OS Release: 5.17.4-arch1-1
00:00:00.714468 OS Version: #1 SMP PREEMPT Wed, 20 Apr 2022 18:29:28 +0000
00:00:00.714491 DMI Product Name: 20217
00:00:00.714503 DMI Product Version: Lenovo IdeaPad Y510P
00:00:00.714508 Firmware type: UEFI
00:00:00.715420 Secure Boot: Disabled
00:00:00.715479 Host RAM: 7861MB (7.6GB) total, 2522MB (2.4GB) available
00:00:00.715483 Executable: /usr/lib/virtualbox/VirtualBox
00:00:00.715483 Process ID: 4060828
00:00:00.715484 Package type: LINUX_64BITS_GENERIC (OSE)
00:00:00.715529 Qt version: 5.15.3
00:00:00.796256 GUI: UIMediumEnumerator: Medium-enumeration started...
00:00:00.796286 GUI: UIMediumEnumerator: Medium-enumeration finished!
00:00:01.579031 GUI: UIDesktopWidgetWatchdog::sltHandleHostScreenAvailableGeometryCalculated: Screen 0 work area is actually resized to: 968x37 x 936x501
00:00:01.579075 GUI: UIDesktopWidgetWatchdog::sltHandleHostScreenAvailableGeometryCalculated: Screen 1 work area is actually resized to: 968x552 x 936x511
00:00:30.552183 GUI: UIMediumEnumerator: Medium-enumeration finished!
