00:00:00.001355 main     VirtualBox XPCOM Server 6.1.34 r150636 linux.amd64 (Apr 21 2022 20:04:42) release log
00:00:00.001358 main     Log opened 2022-05-08T12:33:55.239093000Z
00:00:00.001358 main     Build Type: release
00:00:00.001879 main     OS Product: Linux
00:00:00.001882 main     OS Release: 5.17.5-arch1-1
00:00:00.001884 main     OS Version: #1 SMP PREEMPT Wed, 27 Apr 2022 20:56:11 +0000
00:00:00.001925 main     DMI Product Name: 20217
00:00:00.001940 main     DMI Product Version: Lenovo IdeaPad Y510P
00:00:00.001948 main     Firmware type: UEFI
00:00:00.002663 main     Secure Boot: Disabled
00:00:00.002737 main     Host RAM: 7861MB (7.6GB) total, 2959MB (2.8GB) available
00:00:00.002742 main     Executable: /usr/lib/virtualbox/VBoxSVC
00:00:00.002743 main     Process ID: 1108767
00:00:00.002744 main     Package type: LINUX_64BITS_GENERIC (OSE)
00:00:00.005571 main     IPC socket path: /tmp/.vbox-mak-ipc/ipcd
00:00:00.113630 nspr-2   VirtualBox: object creation starts
00:00:00.113719 nspr-2   Home directory: '/home/mak/.config/VirtualBox'
00:00:00.113859 nspr-2   Loading settings file "/home/mak/.config/VirtualBox/VirtualBox.xml" with version "1.12-linux"
00:00:00.118531 nspr-2   USB: Unknown USB device detected (idVendor: 0x8087, idProduct: 0x07da)
00:00:00.118653 nspr-2   Successfully initialised host USB using sysfs
00:00:00.136458 nspr-2   NetIfAdpCtlOut: VBoxNetAdpCtl: Error while retrieving link speed for wlan0: VBoxNetAdpCtl: ioctl failed: Operation not supported
00:00:00.137856 nspr-2   HostDnsMonitor: initializing
00:00:00.138109 nspr-2   NAT: resolv.conf: nameserver 213.186.33.99
00:00:00.138122 nspr-2   NAT: resolv.conf: nameserver 91.239.100.100
00:00:00.138127 nspr-2   NAT: resolv.conf: nameserver 192.168.4.193
00:00:00.138132 nspr-2   NAT: resolv.conf: too many nameserver lines, ignoring 192.168.1.1
00:00:00.138141 nspr-2   HostDnsMonitor: updating information
00:00:00.138155 nspr-2   HostDnsMonitor: old information
00:00:00.138158 nspr-2     no server entries
00:00:00.138162 nspr-2     no domain set
00:00:00.138164 nspr-2     no search string entries
00:00:00.138168 nspr-2   HostDnsMonitor: new information
00:00:00.138171 nspr-2     server 1: 213.186.33.99
00:00:00.138174 nspr-2     server 2: 91.239.100.100
00:00:00.138178 nspr-2     server 3: 192.168.4.193
00:00:00.138181 nspr-2     no domain set
00:00:00.138184 nspr-2     no search string entries
00:00:00.152163 nspr-2   VD: VDInit finished with VINF_SUCCESS
00:00:00.156755 nspr-2   Loading settings file "/run/media/mak/Data/Vms/windows/windows.vbox" with version "1.15-linux"
00:00:00.160679 nspr-2   OCI: Local config file '/home/mak/.config/VirtualBox/oci_config' does not exist
00:00:00.160700 nspr-2   OCI: Original config file '/home/mak/.oci/config' does not exist
00:00:00.160704 nspr-2   OCI: Reading profiles finished with status NS_OK
00:00:00.160710 nspr-2   ExtPack: Created cloud provider 'OCI' (hrc=NS_OK)
00:00:00.160725 nspr-2   VirtualBox: object created
00:00:03.508087 nspr-2   Launched VM: 1006639152 pid: 1108822 (0x10eb56) frontend: GUI/Qt name: windows
00:00:05.235821 nspr-3   Load [/usr/lib/virtualbox/ExtensionPacks/Oracle_VM_VirtualBox_Extension_Pack/linux.amd64/VBoxHostWebcam.so] vrc=VINF_SUCCESS
00:00:07.256736 nspr-6   ERROR [COM]: aRC=VBOX_E_IPRT_ERROR (0x80bb0005) aIID={85632c68-b5bb-4316-a900-5eb28d3413df} aComponent={SessionMachine} aText={Saved screenshot data is not available (VERR_NOT_SUPPORTED)}, preserve=false aResultDetail=-37
00:00:07.306734 nspr-6   ERROR [COM]: aRC=VBOX_E_IPRT_ERROR (0x80bb0005) aIID={85632c68-b5bb-4316-a900-5eb28d3413df} aComponent={SessionMachine} aText={Saved screenshot data is not available (VERR_NOT_SUPPORTED)}, preserve=false aResultDetail=-37
00:00:07.324150 nspr-4   NetIfAdpCtlOut: VBoxNetAdpCtl: Error while retrieving link speed for wlan0: VBoxNetAdpCtl: ioctl failed: Operation not supported
00:10:20.115432 nspr-5   Saving settings file "/run/media/mak/Data/Vms/windows/windows.vbox" with version "1.15-linux"
00:12:54.256699 nspr-8   Saving settings file "/home/mak/.config/VirtualBox/VirtualBox.xml" with version "1.12-linux"
00:12:54.264721 nspr-6   Saving settings file "/home/mak/.config/VirtualBox/VirtualBox.xml" with version "1.12-linux"
00:13:00.280770 main     VirtualBox: object deletion starts
00:13:00.281334 main     ERROR [COM]: aRC=VBOX_E_OBJECT_IN_USE (0x80bb000c) aIID={ad47ad09-787b-44ab-b343-a082a3f2dfb1} aComponent={MediumWrap} aText={Medium '/run/media/mak/Data/Vms/windows/windows.vdi' cannot be closed because it is still attached to 1 virtual machines}, preserve=false aResultDetail=0
00:13:00.289580 main     HostDnsMonitor: shutting down ...
00:13:00.293715 main     HostDnsMonitor: shut down
00:13:00.765263 Watcher  ERROR [COM]: aRC=E_ACCESSDENIED (0x80070005) aIID={d0a0163f-e254-4e5b-a1f2-011cf991c38d} aComponent={VirtualBoxWrap} aText={The object is not ready}, preserve=false aResultDetail=0
00:13:05.300425 main     {00007f2b40018000} HostPowerServiceLinux::~HostPowerServiceLinux: RTThreadWait() for 5000 ms failed with VERR_TIMEOUT
00:13:05.303755 main     VirtualBox: object deleted
