    OpenRGB v0.7
    Commit:  from 
    Launched: 20221119_081520
====================================================================================================

1009  |Info:    ------------------------------------------------------
1009  |Info:    |               Start device detection               |
1009  |Info:    ------------------------------------------------------
1009  |Info:    Initializing HID interfaces: Success
1014  |Info:    ------------------------------------------------------
1014  |Info:    |             Detecting I2C interfaces               |
1014  |Info:    ------------------------------------------------------
1018  |Info:    Registering I2C interface: /dev/i2c-3 Device 8086:0416 Subsystem: 17AA:3801
1018  |Info:    Registering I2C interface: /dev/i2c-1 Device 8086:0416 Subsystem: 17AA:3801
1019  |Info:    Registering I2C interface: /dev/i2c-6 Device 8086:0416 Subsystem: 17AA:3801
1019  |Info:    Registering I2C interface: /dev/i2c-4 Device 8086:0416 Subsystem: 17AA:3801
1019  |Info:    Registering I2C interface: /dev/i2c-2 Device 8086:0416 Subsystem: 17AA:3801
1019  |Info:    Registering I2C interface: /dev/i2c-0 Device 8086:8C22 Subsystem: 17AA:3978
1019  |Info:    Registering I2C interface: /dev/i2c-7 Device 0000:0000 Subsystem: 0000:0000
1020  |Info:    Registering I2C interface: /dev/i2c-5 Device 8086:0416 Subsystem: 17AA:3801
1020  |Info:    ------------------------------------------------------
1020  |Info:    |               Detecting I2C devices                |
1020  |Info:    ------------------------------------------------------
1026  |Info:    ------------------------------------------------------
1026  |Info:    |               Detecting HID devices                |
1026  |Info:    ------------------------------------------------------
1701  |Info:    [K530] Registering RGB controller
1701  |Info:    ------------------------------------------------------
1701  |Info:    |              Detecting other devices               |
1701  |Info:    ------------------------------------------------------
1725  |Info:    ------------------------------------------------------
1725  |Info:    |                Detection completed                 |
1725  |Info:    ------------------------------------------------------
6372  |Info:    Loading plugins
