    OpenRGB v0.7
    Commit:  from 
    Launched: 20220613_095256
====================================================================================================

1040  |Info:    ------------------------------------------------------
1040  |Info:    |               Start device detection               |
1040  |Info:    ------------------------------------------------------
1040  |Info:    Initializing HID interfaces: Success
1046  |Info:    ------------------------------------------------------
1046  |Info:    |             Detecting I2C interfaces               |
1046  |Info:    ------------------------------------------------------
1046  |Info:    Registering I2C interface: /dev/i2c-3 Device 8086:0416 Subsystem: 17AA:3801
1046  |Info:    Registering I2C interface: /dev/i2c-1 Device 8086:0416 Subsystem: 17AA:3801
1047  |Info:    Registering I2C interface: /dev/i2c-6 Device 8086:0416 Subsystem: 17AA:3801
1047  |Info:    Registering I2C interface: /dev/i2c-4 Device 8086:0416 Subsystem: 17AA:3801
1047  |Info:    Registering I2C interface: /dev/i2c-2 Device 8086:0416 Subsystem: 17AA:3801
1047  |Info:    Registering I2C interface: /dev/i2c-0 Device 8086:8C22 Subsystem: 17AA:3978
1047  |Info:    Registering I2C interface: /dev/i2c-7 Device 0000:0000 Subsystem: 0000:0000
1047  |Info:    Registering I2C interface: /dev/i2c-5 Device 8086:0416 Subsystem: 17AA:3801
1047  |Info:    ------------------------------------------------------
1047  |Info:    |               Detecting I2C devices                |
1047  |Info:    ------------------------------------------------------
1083  |Info:    ------------------------------------------------------
1083  |Info:    |               Detecting HID devices                |
1083  |Info:    ------------------------------------------------------
1269  |Info:    Loading plugins
1749  |Info:    [K530] Registering RGB controller
1749  |Info:    ------------------------------------------------------
1749  |Info:    |              Detecting other devices               |
1749  |Info:    ------------------------------------------------------
1760  |Info:    ------------------------------------------------------
1761  |Info:    |                Detection completed                 |
1761  |Info:    ------------------------------------------------------
