    OpenRGB v0.7
    Commit:  from 
    Launched: 20220713_065428
====================================================================================================

1052  |Info:    ------------------------------------------------------
1052  |Info:    |               Start device detection               |
1052  |Info:    ------------------------------------------------------
1052  |Info:    Initializing HID interfaces: Success
1057  |Info:    ------------------------------------------------------
1057  |Info:    |             Detecting I2C interfaces               |
1057  |Info:    ------------------------------------------------------
1058  |Info:    Registering I2C interface: /dev/i2c-3 Device 8086:0416 Subsystem: 17AA:3801
1058  |Info:    Registering I2C interface: /dev/i2c-1 Device 8086:0416 Subsystem: 17AA:3801
1058  |Info:    Registering I2C interface: /dev/i2c-6 Device 8086:0416 Subsystem: 17AA:3801
1058  |Info:    Registering I2C interface: /dev/i2c-4 Device 8086:0416 Subsystem: 17AA:3801
1059  |Info:    Registering I2C interface: /dev/i2c-2 Device 8086:0416 Subsystem: 17AA:3801
1059  |Info:    Registering I2C interface: /dev/i2c-0 Device 8086:8C22 Subsystem: 17AA:3978
1059  |Info:    Registering I2C interface: /dev/i2c-7 Device 0000:0000 Subsystem: 0000:0000
1059  |Info:    Registering I2C interface: /dev/i2c-5 Device 8086:0416 Subsystem: 17AA:3801
1059  |Info:    ------------------------------------------------------
1059  |Info:    |               Detecting I2C devices                |
1059  |Info:    ------------------------------------------------------
1075  |Info:    ------------------------------------------------------
1075  |Info:    |               Detecting HID devices                |
1075  |Info:    ------------------------------------------------------
1202  |Info:    Loading plugins
1738  |Info:    [K530] Registering RGB controller
1738  |Info:    ------------------------------------------------------
1738  |Info:    |              Detecting other devices               |
1738  |Info:    ------------------------------------------------------
1754  |Info:    ------------------------------------------------------
1754  |Info:    |                Detection completed                 |
1754  |Info:    ------------------------------------------------------
