    OpenRGB v0.7
    Commit:  from 
    Launched: 20220903_195343
====================================================================================================

1021  |Info:    ------------------------------------------------------
1021  |Info:    |               Start device detection               |
1021  |Info:    ------------------------------------------------------
1021  |Info:    Initializing HID interfaces: Success
1033  |Info:    ------------------------------------------------------
1033  |Info:    |             Detecting I2C interfaces               |
1033  |Info:    ------------------------------------------------------
1037  |Info:    Registering I2C interface: /dev/i2c-3 Device 8086:0416 Subsystem: 17AA:3801
1037  |Info:    Registering I2C interface: /dev/i2c-1 Device 8086:0416 Subsystem: 17AA:3801
1038  |Info:    Registering I2C interface: /dev/i2c-6 Device 8086:0416 Subsystem: 17AA:3801
1038  |Info:    Registering I2C interface: /dev/i2c-4 Device 8086:0416 Subsystem: 17AA:3801
1039  |Info:    Registering I2C interface: /dev/i2c-2 Device 8086:0416 Subsystem: 17AA:3801
1040  |Info:    Registering I2C interface: /dev/i2c-0 Device 8086:8C22 Subsystem: 17AA:3978
1040  |Info:    Registering I2C interface: /dev/i2c-7 Device 0000:0000 Subsystem: 0000:0000
1040  |Info:    Registering I2C interface: /dev/i2c-5 Device 8086:0416 Subsystem: 17AA:3801
1040  |Info:    ------------------------------------------------------
1040  |Info:    |               Detecting I2C devices                |
1040  |Info:    ------------------------------------------------------
1058  |Info:    ------------------------------------------------------
1058  |Info:    |               Detecting HID devices                |
1058  |Info:    ------------------------------------------------------
1327  |Info:    Loading plugins
1812  |Info:    [K530] Registering RGB controller
1812  |Info:    ------------------------------------------------------
1812  |Info:    |              Detecting other devices               |
1812  |Info:    ------------------------------------------------------
1823  |Info:    ------------------------------------------------------
1823  |Info:    |                Detection completed                 |
1823  |Info:    ------------------------------------------------------
