    OpenRGB v0.7
    Commit:  from 
    Launched: 20220925_194408
====================================================================================================

1034  |Info:    ------------------------------------------------------
1034  |Info:    |               Start device detection               |
1034  |Info:    ------------------------------------------------------
1034  |Info:    Initializing HID interfaces: Success
1040  |Info:    ------------------------------------------------------
1040  |Info:    |             Detecting I2C interfaces               |
1040  |Info:    ------------------------------------------------------
1042  |Info:    Registering I2C interface: /dev/i2c-3 Device 8086:0416 Subsystem: 17AA:3801
1043  |Info:    Registering I2C interface: /dev/i2c-1 Device 8086:0416 Subsystem: 17AA:3801
1043  |Info:    Registering I2C interface: /dev/i2c-6 Device 8086:0416 Subsystem: 17AA:3801
1043  |Info:    Registering I2C interface: /dev/i2c-4 Device 8086:0416 Subsystem: 17AA:3801
1043  |Info:    Registering I2C interface: /dev/i2c-2 Device 8086:0416 Subsystem: 17AA:3801
1043  |Info:    Registering I2C interface: /dev/i2c-0 Device 8086:8C22 Subsystem: 17AA:3978
1043  |Info:    Registering I2C interface: /dev/i2c-7 Device 0000:0000 Subsystem: 0000:0000
1044  |Info:    Registering I2C interface: /dev/i2c-5 Device 8086:0416 Subsystem: 17AA:3801
1044  |Info:    ------------------------------------------------------
1044  |Info:    |               Detecting I2C devices                |
1044  |Info:    ------------------------------------------------------
1055  |Info:    ------------------------------------------------------
1055  |Info:    |               Detecting HID devices                |
1056  |Info:    ------------------------------------------------------
1721  |Info:    [K530] Registering RGB controller
1721  |Info:    ------------------------------------------------------
1721  |Info:    |              Detecting other devices               |
1721  |Info:    ------------------------------------------------------
1729  |Info:    ------------------------------------------------------
1729  |Info:    |                Detection completed                 |
1729  |Info:    ------------------------------------------------------
4861  |Info:    Loading plugins
