    OpenRGB v0.7
    Commit:  from 
    Launched: 20221212_194043
====================================================================================================

1029  |Info:    ------------------------------------------------------
1029  |Info:    |               Start device detection               |
1029  |Info:    ------------------------------------------------------
1029  |Info:    Initializing HID interfaces: Success
1056  |Info:    ------------------------------------------------------
1056  |Info:    |             Detecting I2C interfaces               |
1056  |Info:    ------------------------------------------------------
1098  |Info:    Registering I2C interface: /dev/i2c-3 Device 8086:0416 Subsystem: 17AA:3801
1098  |Info:    Registering I2C interface: /dev/i2c-10 Device 10DE:0FE4 Subsystem: 17AA:3801
1099  |Info:    Registering I2C interface: /dev/i2c-1 Device 8086:0416 Subsystem: 17AA:3801
1099  |Info:    Registering I2C interface: /dev/i2c-8 Device 10DE:0FE4 Subsystem: 17AA:3801
1100  |Info:    Registering I2C interface: /dev/i2c-6 Device 8086:0416 Subsystem: 17AA:3801
1100  |Info:    Registering I2C interface: /dev/i2c-4 Device 8086:0416 Subsystem: 17AA:3801
1101  |Info:    Registering I2C interface: /dev/i2c-2 Device 8086:0416 Subsystem: 17AA:3801
1101  |Info:    Registering I2C interface: /dev/i2c-0 Device 8086:8C22 Subsystem: 17AA:3978
1102  |Info:    Registering I2C interface: /dev/i2c-9 Device 10DE:0FE4 Subsystem: 17AA:3801
1102  |Info:    Registering I2C interface: /dev/i2c-7 Device 0000:0000 Subsystem: 0000:0000
1103  |Info:    Registering I2C interface: /dev/i2c-5 Device 8086:0416 Subsystem: 17AA:3801
1103  |Info:    ------------------------------------------------------
1103  |Info:    |               Detecting I2C devices                |
1103  |Info:    ------------------------------------------------------
1117  |Info:    ------------------------------------------------------
1117  |Info:    |               Detecting HID devices                |
1117  |Info:    ------------------------------------------------------
1988  |Info:    [K530] Registering RGB controller
1988  |Info:    ------------------------------------------------------
1988  |Info:    |              Detecting other devices               |
1988  |Info:    ------------------------------------------------------
2044  |Info:    ------------------------------------------------------
2044  |Info:    |                Detection completed                 |
2044  |Info:    ------------------------------------------------------
2458  |Info:    Loading plugins
