    OpenRGB v0.7
    Commit:  from 
    Launched: 20220914_122608
====================================================================================================

1045  |Info:    ------------------------------------------------------
1045  |Info:    |               Start device detection               |
1045  |Info:    ------------------------------------------------------
1045  |Info:    Initializing HID interfaces: Success
1057  |Info:    ------------------------------------------------------
1057  |Info:    |             Detecting I2C interfaces               |
1057  |Info:    ------------------------------------------------------
1057  |Info:    Registering I2C interface: /dev/i2c-3 Device 8086:0416 Subsystem: 17AA:3801
1057  |Info:    Registering I2C interface: /dev/i2c-1 Device 8086:0416 Subsystem: 17AA:3801
1057  |Info:    Registering I2C interface: /dev/i2c-6 Device 8086:0416 Subsystem: 17AA:3801
1058  |Info:    Registering I2C interface: /dev/i2c-4 Device 8086:0416 Subsystem: 17AA:3801
1058  |Info:    Registering I2C interface: /dev/i2c-2 Device 8086:0416 Subsystem: 17AA:3801
1058  |Info:    Registering I2C interface: /dev/i2c-0 Device 8086:8C22 Subsystem: 17AA:3978
1058  |Info:    Registering I2C interface: /dev/i2c-7 Device 0000:0000 Subsystem: 0000:0000
1058  |Info:    Registering I2C interface: /dev/i2c-5 Device 8086:0416 Subsystem: 17AA:3801
1058  |Info:    ------------------------------------------------------
1058  |Info:    |               Detecting I2C devices                |
1058  |Info:    ------------------------------------------------------
1083  |Info:    ------------------------------------------------------
1083  |Info:    |               Detecting HID devices                |
1083  |Info:    ------------------------------------------------------
1327  |Info:    Loading plugins
1760  |Info:    [K530] Registering RGB controller
1760  |Info:    ------------------------------------------------------
1760  |Info:    |              Detecting other devices               |
1760  |Info:    ------------------------------------------------------
1775  |Info:    ------------------------------------------------------
1775  |Info:    |                Detection completed                 |
1775  |Info:    ------------------------------------------------------
