    OpenRGB v0.7
    Commit:  from 
    Launched: 20220614_111315
====================================================================================================

1045  |Info:    ------------------------------------------------------
1045  |Info:    |               Start device detection               |
1045  |Info:    ------------------------------------------------------
1045  |Info:    Initializing HID interfaces: Success
1051  |Info:    ------------------------------------------------------
1051  |Info:    |             Detecting I2C interfaces               |
1051  |Info:    ------------------------------------------------------
1053  |Info:    Registering I2C interface: /dev/i2c-3 Device 8086:0416 Subsystem: 17AA:3801
1053  |Info:    Registering I2C interface: /dev/i2c-1 Device 8086:0416 Subsystem: 17AA:3801
1053  |Info:    Registering I2C interface: /dev/i2c-6 Device 8086:0416 Subsystem: 17AA:3801
1053  |Info:    Registering I2C interface: /dev/i2c-4 Device 8086:0416 Subsystem: 17AA:3801
1053  |Info:    Registering I2C interface: /dev/i2c-2 Device 8086:0416 Subsystem: 17AA:3801
1053  |Info:    Registering I2C interface: /dev/i2c-0 Device 8086:8C22 Subsystem: 17AA:3978
1053  |Info:    Registering I2C interface: /dev/i2c-7 Device 0000:0000 Subsystem: 0000:0000
1053  |Info:    Registering I2C interface: /dev/i2c-5 Device 8086:0416 Subsystem: 17AA:3801
1053  |Info:    ------------------------------------------------------
1053  |Info:    |               Detecting I2C devices                |
1053  |Info:    ------------------------------------------------------
1083  |Info:    ------------------------------------------------------
1083  |Info:    |               Detecting HID devices                |
1083  |Info:    ------------------------------------------------------
1223  |Info:    Loading plugins
1748  |Info:    [K530] Registering RGB controller
1748  |Info:    ------------------------------------------------------
1748  |Info:    |              Detecting other devices               |
1748  |Info:    ------------------------------------------------------
1759  |Info:    ------------------------------------------------------
1759  |Info:    |                Detection completed                 |
1759  |Info:    ------------------------------------------------------
