    OpenRGB v0.7
    Commit:  from 
    Launched: 20221106_201049
====================================================================================================

1085  |Info:    ------------------------------------------------------
1085  |Info:    |               Start device detection               |
1085  |Info:    ------------------------------------------------------
1086  |Info:    Initializing HID interfaces: Success
1095  |Info:    ------------------------------------------------------
1095  |Info:    |             Detecting I2C interfaces               |
1095  |Info:    ------------------------------------------------------
1097  |Info:    Registering I2C interface: /dev/i2c-3 Device 8086:0416 Subsystem: 17AA:3801
1097  |Info:    Registering I2C interface: /dev/i2c-10 Device 10DE:0FE4 Subsystem: 17AA:3801
1097  |Info:    Registering I2C interface: /dev/i2c-1 Device 8086:0416 Subsystem: 17AA:3801
1097  |Info:    Registering I2C interface: /dev/i2c-8 Device 10DE:0FE4 Subsystem: 17AA:3801
1097  |Info:    Registering I2C interface: /dev/i2c-6 Device 8086:0416 Subsystem: 17AA:3801
1097  |Info:    Registering I2C interface: /dev/i2c-4 Device 8086:0416 Subsystem: 17AA:3801
1097  |Info:    Registering I2C interface: /dev/i2c-2 Device 8086:0416 Subsystem: 17AA:3801
1098  |Info:    Registering I2C interface: /dev/i2c-0 Device 8086:8C22 Subsystem: 17AA:3978
1098  |Info:    Registering I2C interface: /dev/i2c-9 Device 10DE:0FE4 Subsystem: 17AA:3801
1098  |Info:    Registering I2C interface: /dev/i2c-7 Device 0000:0000 Subsystem: 0000:0000
1098  |Info:    Registering I2C interface: /dev/i2c-5 Device 8086:0416 Subsystem: 17AA:3801
1098  |Info:    ------------------------------------------------------
1098  |Info:    |               Detecting I2C devices                |
1098  |Info:    ------------------------------------------------------
1113  |Info:    ------------------------------------------------------
1113  |Info:    |               Detecting HID devices                |
1113  |Info:    ------------------------------------------------------
1594  |Info:    Loading plugins
1798  |Info:    [K530] Registering RGB controller
1798  |Info:    ------------------------------------------------------
1798  |Info:    |              Detecting other devices               |
1798  |Info:    ------------------------------------------------------
1896  |Info:    ------------------------------------------------------
1897  |Info:    |                Detection completed                 |
1897  |Info:    ------------------------------------------------------
