    OpenRGB v0.7
    Commit:  from 
    Launched: 20220620_081233
====================================================================================================

1041  |Info:    ------------------------------------------------------
1041  |Info:    |               Start device detection               |
1041  |Info:    ------------------------------------------------------
1041  |Info:    Initializing HID interfaces: Success
1047  |Info:    ------------------------------------------------------
1047  |Info:    |             Detecting I2C interfaces               |
1047  |Info:    ------------------------------------------------------
1048  |Info:    Registering I2C interface: /dev/i2c-3 Device 8086:0416 Subsystem: 17AA:3801
1048  |Info:    Registering I2C interface: /dev/i2c-1 Device 8086:0416 Subsystem: 17AA:3801
1048  |Info:    Registering I2C interface: /dev/i2c-6 Device 8086:0416 Subsystem: 17AA:3801
1049  |Info:    Registering I2C interface: /dev/i2c-4 Device 8086:0416 Subsystem: 17AA:3801
1049  |Info:    Registering I2C interface: /dev/i2c-2 Device 8086:0416 Subsystem: 17AA:3801
1049  |Info:    Registering I2C interface: /dev/i2c-0 Device 8086:8C22 Subsystem: 17AA:3978
1049  |Info:    Registering I2C interface: /dev/i2c-7 Device 0000:0000 Subsystem: 0000:0000
1049  |Info:    Registering I2C interface: /dev/i2c-5 Device 8086:0416 Subsystem: 17AA:3801
1049  |Info:    ------------------------------------------------------
1049  |Info:    |               Detecting I2C devices                |
1049  |Info:    ------------------------------------------------------
1067  |Info:    ------------------------------------------------------
1067  |Info:    |               Detecting HID devices                |
1067  |Info:    ------------------------------------------------------
1155  |Info:    Loading plugins
1738  |Info:    [K530] Registering RGB controller
1739  |Info:    ------------------------------------------------------
1739  |Info:    |              Detecting other devices               |
1739  |Info:    ------------------------------------------------------
1752  |Info:    ------------------------------------------------------
1752  |Info:    |                Detection completed                 |
1752  |Info:    ------------------------------------------------------
