    OpenRGB v0.7
    Commit:  from 
    Launched: 20220926_213809
====================================================================================================

1033  |Info:    ------------------------------------------------------
1033  |Info:    |               Start device detection               |
1033  |Info:    ------------------------------------------------------
1033  |Info:    Initializing HID interfaces: Success
1043  |Info:    ------------------------------------------------------
1043  |Info:    |             Detecting I2C interfaces               |
1043  |Info:    ------------------------------------------------------
1045  |Info:    Registering I2C interface: /dev/i2c-3 Device 8086:0416 Subsystem: 17AA:3801
1045  |Info:    Registering I2C interface: /dev/i2c-1 Device 8086:0416 Subsystem: 17AA:3801
1045  |Info:    Registering I2C interface: /dev/i2c-6 Device 8086:0416 Subsystem: 17AA:3801
1045  |Info:    Registering I2C interface: /dev/i2c-4 Device 8086:0416 Subsystem: 17AA:3801
1046  |Info:    Registering I2C interface: /dev/i2c-2 Device 8086:0416 Subsystem: 17AA:3801
1046  |Info:    Registering I2C interface: /dev/i2c-0 Device 8086:8C22 Subsystem: 17AA:3978
1046  |Info:    Registering I2C interface: /dev/i2c-7 Device 0000:0000 Subsystem: 0000:0000
1047  |Info:    Registering I2C interface: /dev/i2c-5 Device 8086:0416 Subsystem: 17AA:3801
1047  |Info:    ------------------------------------------------------
1047  |Info:    |               Detecting I2C devices                |
1047  |Info:    ------------------------------------------------------
1054  |Info:    ------------------------------------------------------
1054  |Info:    |               Detecting HID devices                |
1054  |Info:    ------------------------------------------------------
1720  |Info:    [K530] Registering RGB controller
1720  |Info:    ------------------------------------------------------
1720  |Info:    |              Detecting other devices               |
1720  |Info:    ------------------------------------------------------
1729  |Info:    ------------------------------------------------------
1729  |Info:    |                Detection completed                 |
1729  |Info:    ------------------------------------------------------
6359  |Info:    Loading plugins
