    OpenRGB v0.7
    Commit:  from 
    Launched: 20220827_083955
====================================================================================================

1091  |Info:    ------------------------------------------------------
1091  |Info:    |               Start device detection               |
1091  |Info:    ------------------------------------------------------
1091  |Info:    Initializing HID interfaces: Success
1098  |Info:    ------------------------------------------------------
1098  |Info:    |             Detecting I2C interfaces               |
1098  |Info:    ------------------------------------------------------
1099  |Info:    Registering I2C interface: /dev/i2c-3 Device 8086:0416 Subsystem: 17AA:3801
1099  |Info:    Registering I2C interface: /dev/i2c-1 Device 8086:0416 Subsystem: 17AA:3801
1099  |Info:    Registering I2C interface: /dev/i2c-6 Device 8086:0416 Subsystem: 17AA:3801
1099  |Info:    Registering I2C interface: /dev/i2c-4 Device 8086:0416 Subsystem: 17AA:3801
1100  |Info:    Registering I2C interface: /dev/i2c-2 Device 8086:0416 Subsystem: 17AA:3801
1100  |Info:    Registering I2C interface: /dev/i2c-0 Device 8086:8C22 Subsystem: 17AA:3978
1100  |Info:    Registering I2C interface: /dev/i2c-7 Device 0000:0000 Subsystem: 0000:0000
1157  |Info:    Registering I2C interface: /dev/i2c-5 Device 8086:0416 Subsystem: 17AA:3801
1157  |Info:    ------------------------------------------------------
1157  |Info:    |               Detecting I2C devices                |
1157  |Info:    ------------------------------------------------------
1247  |Info:    Loading plugins
1393  |Info:    ------------------------------------------------------
1393  |Info:    |               Detecting HID devices                |
1393  |Info:    ------------------------------------------------------
2063  |Info:    [K530] Registering RGB controller
2064  |Info:    ------------------------------------------------------
2064  |Info:    |              Detecting other devices               |
2064  |Info:    ------------------------------------------------------
2073  |Info:    ------------------------------------------------------
2073  |Info:    |                Detection completed                 |
2073  |Info:    ------------------------------------------------------
