    OpenRGB v0.7
    Commit:  from 
    Launched: 20220921_150944
====================================================================================================

1031  |Info:    ------------------------------------------------------
1031  |Info:    |               Start device detection               |
1031  |Info:    ------------------------------------------------------
1031  |Info:    Initializing HID interfaces: Success
1036  |Info:    ------------------------------------------------------
1036  |Info:    |             Detecting I2C interfaces               |
1036  |Info:    ------------------------------------------------------
1038  |Info:    Registering I2C interface: /dev/i2c-3 Device 8086:0416 Subsystem: 17AA:3801
1038  |Info:    Registering I2C interface: /dev/i2c-1 Device 8086:0416 Subsystem: 17AA:3801
1038  |Info:    Registering I2C interface: /dev/i2c-6 Device 8086:0416 Subsystem: 17AA:3801
1038  |Info:    Registering I2C interface: /dev/i2c-4 Device 8086:0416 Subsystem: 17AA:3801
1038  |Info:    Registering I2C interface: /dev/i2c-2 Device 8086:0416 Subsystem: 17AA:3801
1038  |Info:    Registering I2C interface: /dev/i2c-0 Device 8086:8C22 Subsystem: 17AA:3978
1039  |Info:    Registering I2C interface: /dev/i2c-7 Device 0000:0000 Subsystem: 0000:0000
1039  |Info:    Registering I2C interface: /dev/i2c-5 Device 8086:0416 Subsystem: 17AA:3801
1039  |Info:    ------------------------------------------------------
1039  |Info:    |               Detecting I2C devices                |
1039  |Info:    ------------------------------------------------------
1056  |Info:    ------------------------------------------------------
1056  |Info:    |               Detecting HID devices                |
1056  |Info:    ------------------------------------------------------
1730  |Info:    [K530] Registering RGB controller
1731  |Info:    ------------------------------------------------------
1731  |Info:    |              Detecting other devices               |
1731  |Info:    ------------------------------------------------------
1739  |Info:    ------------------------------------------------------
1739  |Info:    |                Detection completed                 |
1739  |Info:    ------------------------------------------------------
5230  |Info:    Loading plugins
