    OpenRGB v0.7
    Commit:  from 
    Launched: 20220910_080738
====================================================================================================

1091  |Info:    ------------------------------------------------------
1091  |Info:    |               Start device detection               |
1091  |Info:    ------------------------------------------------------
1091  |Info:    Initializing HID interfaces: Success
1098  |Info:    ------------------------------------------------------
1098  |Info:    |             Detecting I2C interfaces               |
1098  |Info:    ------------------------------------------------------
1099  |Info:    Registering I2C interface: /dev/i2c-3 Device 8086:0416 Subsystem: 17AA:3801
1099  |Info:    Registering I2C interface: /dev/i2c-1 Device 8086:0416 Subsystem: 17AA:3801
1099  |Info:    Registering I2C interface: /dev/i2c-6 Device 8086:0416 Subsystem: 17AA:3801
1099  |Info:    Registering I2C interface: /dev/i2c-4 Device 8086:0416 Subsystem: 17AA:3801
1099  |Info:    Registering I2C interface: /dev/i2c-2 Device 8086:0416 Subsystem: 17AA:3801
1100  |Info:    Registering I2C interface: /dev/i2c-0 Device 8086:8C22 Subsystem: 17AA:3978
1100  |Info:    Registering I2C interface: /dev/i2c-7 Device 0000:0000 Subsystem: 0000:0000
1100  |Info:    Registering I2C interface: /dev/i2c-5 Device 8086:0416 Subsystem: 17AA:3801
1100  |Info:    ------------------------------------------------------
1100  |Info:    |               Detecting I2C devices                |
1100  |Info:    ------------------------------------------------------
1135  |Info:    ------------------------------------------------------
1135  |Info:    |               Detecting HID devices                |
1135  |Info:    ------------------------------------------------------
1273  |Info:    Loading plugins
1801  |Info:    [K530] Registering RGB controller
1801  |Info:    ------------------------------------------------------
1801  |Info:    |              Detecting other devices               |
1801  |Info:    ------------------------------------------------------
1814  |Info:    ------------------------------------------------------
1817  |Info:    |                Detection completed                 |
1817  |Info:    ------------------------------------------------------
