    OpenRGB v0.7
    Commit:  from 
    Launched: 20220709_093153
====================================================================================================

1076  |Info:    ------------------------------------------------------
1076  |Info:    |               Start device detection               |
1076  |Info:    ------------------------------------------------------
1076  |Info:    Initializing HID interfaces: Success
1082  |Info:    ------------------------------------------------------
1082  |Info:    |             Detecting I2C interfaces               |
1082  |Info:    ------------------------------------------------------
1082  |Info:    Registering I2C interface: /dev/i2c-3 Device 8086:0416 Subsystem: 17AA:3801
1083  |Info:    Registering I2C interface: /dev/i2c-1 Device 8086:0416 Subsystem: 17AA:3801
1083  |Info:    Registering I2C interface: /dev/i2c-6 Device 8086:0416 Subsystem: 17AA:3801
1083  |Info:    Registering I2C interface: /dev/i2c-4 Device 8086:0416 Subsystem: 17AA:3801
1083  |Info:    Registering I2C interface: /dev/i2c-2 Device 8086:0416 Subsystem: 17AA:3801
1083  |Info:    Registering I2C interface: /dev/i2c-0 Device 8086:8C22 Subsystem: 17AA:3978
1083  |Info:    Registering I2C interface: /dev/i2c-7 Device 0000:0000 Subsystem: 0000:0000
1083  |Info:    Registering I2C interface: /dev/i2c-5 Device 8086:0416 Subsystem: 17AA:3801
1083  |Info:    ------------------------------------------------------
1083  |Info:    |               Detecting I2C devices                |
1083  |Info:    ------------------------------------------------------
1367  |Info:    ------------------------------------------------------
1367  |Info:    |               Detecting HID devices                |
1367  |Info:    ------------------------------------------------------
1733  |Info:    Loading plugins
2042  |Info:    [K530] Registering RGB controller
2042  |Info:    ------------------------------------------------------
2042  |Info:    |              Detecting other devices               |
2042  |Info:    ------------------------------------------------------
2060  |Info:    ------------------------------------------------------
2060  |Info:    |                Detection completed                 |
2060  |Info:    ------------------------------------------------------
