    OpenRGB v0.7
    Commit:  from 
    Launched: 20220920_125341
====================================================================================================

1056  |Info:    ------------------------------------------------------
1056  |Info:    |               Start device detection               |
1056  |Info:    ------------------------------------------------------
1056  |Info:    Initializing HID interfaces: Success
1061  |Info:    ------------------------------------------------------
1061  |Info:    |             Detecting I2C interfaces               |
1061  |Info:    ------------------------------------------------------
1062  |Info:    Registering I2C interface: /dev/i2c-3 Device 8086:0416 Subsystem: 17AA:3801
1062  |Info:    Registering I2C interface: /dev/i2c-1 Device 8086:0416 Subsystem: 17AA:3801
1063  |Info:    Registering I2C interface: /dev/i2c-6 Device 8086:0416 Subsystem: 17AA:3801
1063  |Info:    Registering I2C interface: /dev/i2c-4 Device 8086:0416 Subsystem: 17AA:3801
1063  |Info:    Registering I2C interface: /dev/i2c-2 Device 8086:0416 Subsystem: 17AA:3801
1063  |Info:    Registering I2C interface: /dev/i2c-0 Device 8086:8C22 Subsystem: 17AA:3978
1063  |Info:    Registering I2C interface: /dev/i2c-7 Device 0000:0000 Subsystem: 0000:0000
1063  |Info:    Registering I2C interface: /dev/i2c-5 Device 8086:0416 Subsystem: 17AA:3801
1063  |Info:    ------------------------------------------------------
1063  |Info:    |               Detecting I2C devices                |
1063  |Info:    ------------------------------------------------------
1078  |Info:    ------------------------------------------------------
1078  |Info:    |               Detecting HID devices                |
1078  |Info:    ------------------------------------------------------
1441  |Info:    Loading plugins
1755  |Info:    [K530] Registering RGB controller
1755  |Info:    ------------------------------------------------------
1755  |Info:    |              Detecting other devices               |
1755  |Info:    ------------------------------------------------------
1778  |Info:    ------------------------------------------------------
1778  |Info:    |                Detection completed                 |
1778  |Info:    ------------------------------------------------------
