    OpenRGB v0.7
    Commit:  from 
    Launched: 20221108_171010
====================================================================================================

1029  |Info:    ------------------------------------------------------
1029  |Info:    |               Start device detection               |
1029  |Info:    ------------------------------------------------------
1029  |Info:    Initializing HID interfaces: Success
1029  |Info:    ------------------------------------------------------
1029  |Info:    |             Detecting I2C interfaces               |
1029  |Info:    ------------------------------------------------------
1029  |Info:    Registering I2C interface: /dev/i2c-3 Device 8086:0416 Subsystem: 17AA:3801
1029  |Info:    Registering I2C interface: /dev/i2c-10 Device 10DE:0FE4 Subsystem: 17AA:3801
1029  |Info:    Registering I2C interface: /dev/i2c-1 Device 8086:0416 Subsystem: 17AA:3801
1030  |Info:    Registering I2C interface: /dev/i2c-8 Device 10DE:0FE4 Subsystem: 17AA:3801
1030  |Info:    Registering I2C interface: /dev/i2c-6 Device 8086:8C22 Subsystem: 17AA:3978
1030  |Info:    Registering I2C interface: /dev/i2c-4 Device 8086:0416 Subsystem: 17AA:3801
1032  |Info:    Registering I2C interface: /dev/i2c-2 Device 8086:0416 Subsystem: 17AA:3801
1039  |Info:    Registering I2C interface: /dev/i2c-0 Device 8086:0416 Subsystem: 17AA:3801
1039  |Info:    Registering I2C interface: /dev/i2c-9 Device 10DE:0FE4 Subsystem: 17AA:3801
1039  |Info:    Registering I2C interface: /dev/i2c-7 Device 0000:0000 Subsystem: 0000:0000
1039  |Info:    Registering I2C interface: /dev/i2c-5 Device 8086:0416 Subsystem: 17AA:3801
1039  |Info:    ------------------------------------------------------
1039  |Info:    |               Detecting I2C devices                |
1039  |Info:    ------------------------------------------------------
1046  |Info:    ------------------------------------------------------
1046  |Info:    |               Detecting HID devices                |
1046  |Info:    ------------------------------------------------------
1046  |Info:    ------------------------------------------------------
1046  |Info:    |              Detecting other devices               |
1046  |Info:    ------------------------------------------------------
1056  |Info:    ------------------------------------------------------
1056  |Info:    |                Detection completed                 |
1056  |Info:    ------------------------------------------------------
1426  |Info:    Loading plugins
