    OpenRGB v0.7
    Commit:  from 
    Launched: 20220713_052554
====================================================================================================

1034  |Info:    ------------------------------------------------------
1034  |Info:    |               Start device detection               |
1034  |Info:    ------------------------------------------------------
1035  |Info:    Initializing HID interfaces: Success
1037  |Info:    ------------------------------------------------------
1038  |Info:    |             Detecting I2C interfaces               |
1038  |Info:    ------------------------------------------------------
1042  |Info:    Registering I2C interface: /dev/i2c-3 Device 8086:0416 Subsystem: 17AA:3801
1042  |Info:    Registering I2C interface: /dev/i2c-1 Device 8086:0416 Subsystem: 17AA:3801
1042  |Info:    Registering I2C interface: /dev/i2c-6 Device 8086:0416 Subsystem: 17AA:3801
1042  |Info:    Registering I2C interface: /dev/i2c-4 Device 8086:0416 Subsystem: 17AA:3801
1042  |Info:    Registering I2C interface: /dev/i2c-2 Device 8086:0416 Subsystem: 17AA:3801
1042  |Info:    Registering I2C interface: /dev/i2c-0 Device 8086:8C22 Subsystem: 17AA:3978
1042  |Info:    Registering I2C interface: /dev/i2c-7 Device 0000:0000 Subsystem: 0000:0000
1043  |Info:    Registering I2C interface: /dev/i2c-5 Device 8086:0416 Subsystem: 17AA:3801
1043  |Info:    ------------------------------------------------------
1043  |Info:    |               Detecting I2C devices                |
1043  |Info:    ------------------------------------------------------
1067  |Info:    ------------------------------------------------------
1067  |Info:    |               Detecting HID devices                |
1067  |Info:    ------------------------------------------------------
1067  |Info:    ------------------------------------------------------
1067  |Info:    |              Detecting other devices               |
1067  |Info:    ------------------------------------------------------
1124  |Info:    ------------------------------------------------------
1124  |Info:    |                Detection completed                 |
1124  |Info:    ------------------------------------------------------
1206  |Info:    Loading plugins
