    OpenRGB v0.7
    Commit:  from 
    Launched: 20220702_074555
====================================================================================================

1078  |Info:    ------------------------------------------------------
1078  |Info:    |               Start device detection               |
1078  |Info:    ------------------------------------------------------
1078  |Info:    Initializing HID interfaces: Success
1085  |Info:    ------------------------------------------------------
1085  |Info:    |             Detecting I2C interfaces               |
1085  |Info:    ------------------------------------------------------
1085  |Info:    Registering I2C interface: /dev/i2c-3 Device 8086:0416 Subsystem: 17AA:3801
1086  |Info:    Registering I2C interface: /dev/i2c-1 Device 8086:0416 Subsystem: 17AA:3801
1086  |Info:    Registering I2C interface: /dev/i2c-6 Device 8086:0416 Subsystem: 17AA:3801
1086  |Info:    Registering I2C interface: /dev/i2c-4 Device 8086:0416 Subsystem: 17AA:3801
1086  |Info:    Registering I2C interface: /dev/i2c-2 Device 8086:0416 Subsystem: 17AA:3801
1086  |Info:    Registering I2C interface: /dev/i2c-0 Device 8086:8C22 Subsystem: 17AA:3978
1086  |Info:    Registering I2C interface: /dev/i2c-7 Device 0000:0000 Subsystem: 0000:0000
1086  |Info:    Registering I2C interface: /dev/i2c-5 Device 8086:0416 Subsystem: 17AA:3801
1086  |Info:    ------------------------------------------------------
1086  |Info:    |               Detecting I2C devices                |
1086  |Info:    ------------------------------------------------------
1108  |Info:    ------------------------------------------------------
1108  |Info:    |               Detecting HID devices                |
1108  |Info:    ------------------------------------------------------
1237  |Info:    Loading plugins
1780  |Info:    [K530] Registering RGB controller
1781  |Info:    ------------------------------------------------------
1781  |Info:    |              Detecting other devices               |
1781  |Info:    ------------------------------------------------------
1790  |Info:    ------------------------------------------------------
1790  |Info:    |                Detection completed                 |
1790  |Info:    ------------------------------------------------------
