    OpenRGB v0.7
    Commit:  from 
    Launched: 20220824_090614
====================================================================================================

1094  |Info:    ------------------------------------------------------
1094  |Info:    |               Start device detection               |
1094  |Info:    ------------------------------------------------------
1095  |Info:    Initializing HID interfaces: Success
1101  |Info:    ------------------------------------------------------
1101  |Info:    |             Detecting I2C interfaces               |
1101  |Info:    ------------------------------------------------------
1101  |Info:    Registering I2C interface: /dev/i2c-3 Device 8086:0416 Subsystem: 17AA:3801
1101  |Info:    Registering I2C interface: /dev/i2c-1 Device 8086:0416 Subsystem: 17AA:3801
1101  |Info:    Registering I2C interface: /dev/i2c-6 Device 8086:0416 Subsystem: 17AA:3801
1101  |Info:    Registering I2C interface: /dev/i2c-4 Device 8086:0416 Subsystem: 17AA:3801
1102  |Info:    Registering I2C interface: /dev/i2c-2 Device 8086:0416 Subsystem: 17AA:3801
1154  |Info:    Registering I2C interface: /dev/i2c-0 Device 8086:8C22 Subsystem: 17AA:3978
1154  |Info:    Registering I2C interface: /dev/i2c-7 Device 0000:0000 Subsystem: 0000:0000
1154  |Info:    Registering I2C interface: /dev/i2c-5 Device 8086:0416 Subsystem: 17AA:3801
1154  |Info:    ------------------------------------------------------
1154  |Info:    |               Detecting I2C devices                |
1154  |Info:    ------------------------------------------------------
1247  |Info:    Loading plugins
1384  |Info:    ------------------------------------------------------
1384  |Info:    |               Detecting HID devices                |
1384  |Info:    ------------------------------------------------------
2044  |Info:    [K530] Registering RGB controller
2044  |Info:    ------------------------------------------------------
2044  |Info:    |              Detecting other devices               |
2044  |Info:    ------------------------------------------------------
2058  |Info:    ------------------------------------------------------
2058  |Info:    |                Detection completed                 |
2058  |Info:    ------------------------------------------------------
