    OpenRGB v0.7
    Commit:  from 
    Launched: 20220608_082227
====================================================================================================

1047  |Info:    ------------------------------------------------------
1047  |Info:    |               Start device detection               |
1047  |Info:    ------------------------------------------------------
1047  |Info:    Initializing HID interfaces: Success
1051  |Info:    ------------------------------------------------------
1051  |Info:    |             Detecting I2C interfaces               |
1051  |Info:    ------------------------------------------------------
1052  |Info:    Registering I2C interface: /dev/i2c-3 Device 8086:0416 Subsystem: 17AA:3801
1052  |Info:    Registering I2C interface: /dev/i2c-1 Device 8086:0416 Subsystem: 17AA:3801
1052  |Info:    Registering I2C interface: /dev/i2c-6 Device 8086:0416 Subsystem: 17AA:3801
1052  |Info:    Registering I2C interface: /dev/i2c-4 Device 8086:0416 Subsystem: 17AA:3801
1052  |Info:    Registering I2C interface: /dev/i2c-2 Device 8086:0416 Subsystem: 17AA:3801
1052  |Info:    Registering I2C interface: /dev/i2c-0 Device 8086:8C22 Subsystem: 17AA:3978
1052  |Info:    Registering I2C interface: /dev/i2c-7 Device 0000:0000 Subsystem: 0000:0000
1053  |Info:    Registering I2C interface: /dev/i2c-5 Device 8086:0416 Subsystem: 17AA:3801
1053  |Info:    ------------------------------------------------------
1053  |Info:    |               Detecting I2C devices                |
1053  |Info:    ------------------------------------------------------
1065  |Info:    ------------------------------------------------------
1065  |Info:    |               Detecting HID devices                |
1065  |Info:    ------------------------------------------------------
1590  |Info:    [K530] Registering RGB controller
1591  |Info:    ------------------------------------------------------
1591  |Info:    |              Detecting other devices               |
1591  |Info:    ------------------------------------------------------
1600  |Info:    ------------------------------------------------------
1600  |Info:    |                Detection completed                 |
1600  |Info:    ------------------------------------------------------
