    OpenRGB v0.7
    Commit:  from 
    Launched: 20220826_102202
====================================================================================================

1054  |Info:    ------------------------------------------------------
1054  |Info:    |               Start device detection               |
1054  |Info:    ------------------------------------------------------
1054  |Info:    Initializing HID interfaces: Success
1061  |Info:    ------------------------------------------------------
1061  |Info:    |             Detecting I2C interfaces               |
1061  |Info:    ------------------------------------------------------
1061  |Info:    Registering I2C interface: /dev/i2c-3 Device 8086:0416 Subsystem: 17AA:3801
1062  |Info:    Registering I2C interface: /dev/i2c-1 Device 8086:0416 Subsystem: 17AA:3801
1062  |Info:    Registering I2C interface: /dev/i2c-6 Device 8086:0416 Subsystem: 17AA:3801
1062  |Info:    Registering I2C interface: /dev/i2c-4 Device 8086:0416 Subsystem: 17AA:3801
1062  |Info:    Registering I2C interface: /dev/i2c-2 Device 8086:0416 Subsystem: 17AA:3801
1062  |Info:    Registering I2C interface: /dev/i2c-0 Device 8086:8C22 Subsystem: 17AA:3978
1063  |Info:    Registering I2C interface: /dev/i2c-7 Device 0000:0000 Subsystem: 0000:0000
1063  |Info:    Registering I2C interface: /dev/i2c-5 Device 8086:0416 Subsystem: 17AA:3801
1063  |Info:    ------------------------------------------------------
1063  |Info:    |               Detecting I2C devices                |
1063  |Info:    ------------------------------------------------------
1236  |Info:    Loading plugins
1298  |Info:    ------------------------------------------------------
1299  |Info:    |               Detecting HID devices                |
1299  |Info:    ------------------------------------------------------
1964  |Info:    [K530] Registering RGB controller
1964  |Info:    ------------------------------------------------------
1964  |Info:    |              Detecting other devices               |
1964  |Info:    ------------------------------------------------------
1981  |Info:    ------------------------------------------------------
1981  |Info:    |                Detection completed                 |
1981  |Info:    ------------------------------------------------------
