    OpenRGB v0.7
    Commit:  from 
    Launched: 20220916_202645
====================================================================================================

1051  |Info:    ------------------------------------------------------
1051  |Info:    |               Start device detection               |
1051  |Info:    ------------------------------------------------------
1051  |Info:    Initializing HID interfaces: Success
1067  |Info:    ------------------------------------------------------
1067  |Info:    |             Detecting I2C interfaces               |
1067  |Info:    ------------------------------------------------------
1068  |Info:    Registering I2C interface: /dev/i2c-3 Device 8086:0416 Subsystem: 17AA:3801
1068  |Info:    Registering I2C interface: /dev/i2c-1 Device 8086:0416 Subsystem: 17AA:3801
1068  |Info:    Registering I2C interface: /dev/i2c-6 Device 8086:0416 Subsystem: 17AA:3801
1068  |Info:    Registering I2C interface: /dev/i2c-4 Device 8086:0416 Subsystem: 17AA:3801
1069  |Info:    Registering I2C interface: /dev/i2c-2 Device 8086:0416 Subsystem: 17AA:3801
1069  |Info:    Registering I2C interface: /dev/i2c-0 Device 8086:8C22 Subsystem: 17AA:3978
1069  |Info:    Registering I2C interface: /dev/i2c-7 Device 0000:0000 Subsystem: 0000:0000
1069  |Info:    Registering I2C interface: /dev/i2c-5 Device 8086:0416 Subsystem: 17AA:3801
1069  |Info:    ------------------------------------------------------
1069  |Info:    |               Detecting I2C devices                |
1069  |Info:    ------------------------------------------------------
1121  |Info:    ------------------------------------------------------
1121  |Info:    |               Detecting HID devices                |
1121  |Info:    ------------------------------------------------------
1458  |Info:    Loading plugins
1797  |Info:    [K530] Registering RGB controller
1797  |Info:    ------------------------------------------------------
1797  |Info:    |              Detecting other devices               |
1797  |Info:    ------------------------------------------------------
1836  |Info:    ------------------------------------------------------
1836  |Info:    |                Detection completed                 |
1836  |Info:    ------------------------------------------------------
