    OpenRGB v0.7
    Commit:  from 
    Launched: 20221106_194101
====================================================================================================

1020  |Info:    ------------------------------------------------------
1020  |Info:    |               Start device detection               |
1020  |Info:    ------------------------------------------------------
1020  |Info:    Initializing HID interfaces: Success
1036  |Info:    ------------------------------------------------------
1036  |Info:    |             Detecting I2C interfaces               |
1036  |Info:    ------------------------------------------------------
1037  |Info:    Registering I2C interface: /dev/i2c-3 Device 8086:0416 Subsystem: 17AA:3801
1037  |Info:    Registering I2C interface: /dev/i2c-1 Device 8086:0416 Subsystem: 17AA:3801
1037  |Info:    Registering I2C interface: /dev/i2c-6 Device 8086:0416 Subsystem: 17AA:3801
1038  |Info:    Registering I2C interface: /dev/i2c-4 Device 8086:0416 Subsystem: 17AA:3801
1038  |Info:    Registering I2C interface: /dev/i2c-2 Device 8086:0416 Subsystem: 17AA:3801
1038  |Info:    Registering I2C interface: /dev/i2c-0 Device 8086:8C22 Subsystem: 17AA:3978
1038  |Info:    Registering I2C interface: /dev/i2c-7 Device 0000:0000 Subsystem: 0000:0000
1038  |Info:    Registering I2C interface: /dev/i2c-5 Device 8086:0416 Subsystem: 17AA:3801
1038  |Info:    ------------------------------------------------------
1038  |Info:    |               Detecting I2C devices                |
1038  |Info:    ------------------------------------------------------
1045  |Info:    ------------------------------------------------------
1045  |Info:    |               Detecting HID devices                |
1045  |Info:    ------------------------------------------------------
1771  |Info:    [K530] Registering RGB controller
1771  |Info:    ------------------------------------------------------
1771  |Info:    |              Detecting other devices               |
1771  |Info:    ------------------------------------------------------
1777  |Info:    Loading plugins
1949  |Info:    ------------------------------------------------------
1949  |Info:    |                Detection completed                 |
1949  |Info:    ------------------------------------------------------
