    OpenRGB v0.7
    Commit:  from 
    Launched: 20220926_082229
====================================================================================================

1057  |Info:    ------------------------------------------------------
1057  |Info:    |               Start device detection               |
1057  |Info:    ------------------------------------------------------
1057  |Info:    Initializing HID interfaces: Success
1057  |Info:    ------------------------------------------------------
1057  |Info:    |             Detecting I2C interfaces               |
1057  |Info:    ------------------------------------------------------
1057  |Info:    Registering I2C interface: /dev/i2c-3 Device 8086:0416 Subsystem: 17AA:3801
1058  |Info:    Registering I2C interface: /dev/i2c-1 Device 8086:0416 Subsystem: 17AA:3801
1058  |Info:    Registering I2C interface: /dev/i2c-6 Device 8086:0416 Subsystem: 17AA:3801
1058  |Info:    Registering I2C interface: /dev/i2c-4 Device 8086:0416 Subsystem: 17AA:3801
1058  |Info:    Registering I2C interface: /dev/i2c-2 Device 8086:0416 Subsystem: 17AA:3801
1058  |Info:    Registering I2C interface: /dev/i2c-0 Device 8086:8C22 Subsystem: 17AA:3978
1058  |Info:    Registering I2C interface: /dev/i2c-7 Device 0000:0000 Subsystem: 0000:0000
1058  |Info:    Registering I2C interface: /dev/i2c-5 Device 8086:0416 Subsystem: 17AA:3801
1058  |Info:    ------------------------------------------------------
1058  |Info:    |               Detecting I2C devices                |
1058  |Info:    ------------------------------------------------------
1087  |Info:    ------------------------------------------------------
1087  |Info:    |               Detecting HID devices                |
1087  |Info:    ------------------------------------------------------
1087  |Info:    ------------------------------------------------------
1087  |Info:    |              Detecting other devices               |
1087  |Info:    ------------------------------------------------------
1093  |Info:    ------------------------------------------------------
1093  |Info:    |                Detection completed                 |
1093  |Info:    ------------------------------------------------------
3916  |Info:    Loading plugins
