    OpenRGB v0.7
    Commit:  from 
    Launched: 20221106_194900
====================================================================================================

1012  |Info:    ------------------------------------------------------
1012  |Info:    |               Start device detection               |
1012  |Info:    ------------------------------------------------------
1013  |Info:    Initializing HID interfaces: Success
1029  |Info:    ------------------------------------------------------
1030  |Info:    |             Detecting I2C interfaces               |
1030  |Info:    ------------------------------------------------------
1030  |Info:    Registering I2C interface: /dev/i2c-3 Device 8086:0416 Subsystem: 17AA:3801
1030  |Info:    Registering I2C interface: /dev/i2c-1 Device 8086:0416 Subsystem: 17AA:3801
1030  |Info:    Registering I2C interface: /dev/i2c-6 Device 8086:0416 Subsystem: 17AA:3801
1031  |Info:    Registering I2C interface: /dev/i2c-4 Device 8086:0416 Subsystem: 17AA:3801
1031  |Info:    Registering I2C interface: /dev/i2c-2 Device 8086:0416 Subsystem: 17AA:3801
1031  |Info:    Registering I2C interface: /dev/i2c-0 Device 8086:8C22 Subsystem: 17AA:3978
1031  |Info:    Registering I2C interface: /dev/i2c-7 Device 0000:0000 Subsystem: 0000:0000
1031  |Info:    Registering I2C interface: /dev/i2c-5 Device 8086:0416 Subsystem: 17AA:3801
1031  |Info:    ------------------------------------------------------
1031  |Info:    |               Detecting I2C devices                |
1031  |Info:    ------------------------------------------------------
1037  |Info:    ------------------------------------------------------
1038  |Info:    |               Detecting HID devices                |
1038  |Info:    ------------------------------------------------------
1939  |Info:    Loading plugins
1990  |Info:    [K530] Registering RGB controller
1990  |Info:    ------------------------------------------------------
1990  |Info:    |              Detecting other devices               |
1990  |Info:    ------------------------------------------------------
2028  |Info:    ------------------------------------------------------
2028  |Info:    |                Detection completed                 |
2028  |Info:    ------------------------------------------------------
