    OpenRGB v0.7
    Commit:  from 
    Launched: 20220716_024526
====================================================================================================

1047  |Info:    ------------------------------------------------------
1047  |Info:    |               Start device detection               |
1047  |Info:    ------------------------------------------------------
1047  |Info:    Initializing HID interfaces: Success
1059  |Info:    ------------------------------------------------------
1059  |Info:    |             Detecting I2C interfaces               |
1059  |Info:    ------------------------------------------------------
1063  |Info:    Registering I2C interface: /dev/i2c-3 Device 8086:0416 Subsystem: 17AA:3801
1063  |Info:    Registering I2C interface: /dev/i2c-1 Device 8086:0416 Subsystem: 17AA:3801
1064  |Info:    Registering I2C interface: /dev/i2c-6 Device 8086:0416 Subsystem: 17AA:3801
1064  |Info:    Registering I2C interface: /dev/i2c-4 Device 8086:0416 Subsystem: 17AA:3801
1064  |Info:    Registering I2C interface: /dev/i2c-2 Device 8086:0416 Subsystem: 17AA:3801
1064  |Info:    Registering I2C interface: /dev/i2c-0 Device 8086:8C22 Subsystem: 17AA:3978
1064  |Info:    Registering I2C interface: /dev/i2c-7 Device 0000:0000 Subsystem: 0000:0000
1064  |Info:    Registering I2C interface: /dev/i2c-5 Device 8086:0416 Subsystem: 17AA:3801
1064  |Info:    ------------------------------------------------------
1064  |Info:    |               Detecting I2C devices                |
1064  |Info:    ------------------------------------------------------
1092  |Info:    ------------------------------------------------------
1092  |Info:    |               Detecting HID devices                |
1092  |Info:    ------------------------------------------------------
1256  |Info:    Loading plugins
1762  |Info:    [K530] Registering RGB controller
1763  |Info:    ------------------------------------------------------
1763  |Info:    |              Detecting other devices               |
1763  |Info:    ------------------------------------------------------
1780  |Info:    ------------------------------------------------------
1780  |Info:    |                Detection completed                 |
1780  |Info:    ------------------------------------------------------
