    OpenRGB v0.7
    Commit:  from 
    Launched: 20220918_132810
====================================================================================================

1052  |Info:    ------------------------------------------------------
1052  |Info:    |               Start device detection               |
1052  |Info:    ------------------------------------------------------
1053  |Info:    Initializing HID interfaces: Success
1053  |Info:    ------------------------------------------------------
1053  |Info:    |             Detecting I2C interfaces               |
1053  |Info:    ------------------------------------------------------
1053  |Info:    Registering I2C interface: /dev/i2c-3 Device 8086:0416 Subsystem: 17AA:3801
1053  |Info:    Registering I2C interface: /dev/i2c-1 Device 8086:0416 Subsystem: 17AA:3801
1053  |Info:    Registering I2C interface: /dev/i2c-6 Device 8086:0416 Subsystem: 17AA:3801
1053  |Info:    Registering I2C interface: /dev/i2c-4 Device 8086:0416 Subsystem: 17AA:3801
1053  |Info:    Registering I2C interface: /dev/i2c-2 Device 8086:0416 Subsystem: 17AA:3801
1053  |Info:    Registering I2C interface: /dev/i2c-0 Device 8086:8C22 Subsystem: 17AA:3978
1054  |Info:    Registering I2C interface: /dev/i2c-7 Device 0000:0000 Subsystem: 0000:0000
1054  |Info:    Registering I2C interface: /dev/i2c-5 Device 8086:0416 Subsystem: 17AA:3801
1054  |Info:    ------------------------------------------------------
1054  |Info:    |               Detecting I2C devices                |
1054  |Info:    ------------------------------------------------------
1068  |Info:    ------------------------------------------------------
1068  |Info:    |               Detecting HID devices                |
1068  |Info:    ------------------------------------------------------
1068  |Info:    ------------------------------------------------------
1068  |Info:    |              Detecting other devices               |
1068  |Info:    ------------------------------------------------------
1080  |Info:    ------------------------------------------------------
1080  |Info:    |                Detection completed                 |
1080  |Info:    ------------------------------------------------------
1393  |Info:    Loading plugins
