    OpenRGB v0.7
    Commit:  from 
    Launched: 20220918_080928
====================================================================================================

1059  |Info:    ------------------------------------------------------
1059  |Info:    |               Start device detection               |
1059  |Info:    ------------------------------------------------------
1059  |Info:    Initializing HID interfaces: Success
1060  |Info:    ------------------------------------------------------
1060  |Info:    |             Detecting I2C interfaces               |
1060  |Info:    ------------------------------------------------------
1060  |Info:    Registering I2C interface: /dev/i2c-3 Device 8086:0416 Subsystem: 17AA:3801
1060  |Info:    Registering I2C interface: /dev/i2c-1 Device 8086:0416 Subsystem: 17AA:3801
1060  |Info:    Registering I2C interface: /dev/i2c-6 Device 8086:0416 Subsystem: 17AA:3801
1060  |Info:    Registering I2C interface: /dev/i2c-4 Device 8086:0416 Subsystem: 17AA:3801
1060  |Info:    Registering I2C interface: /dev/i2c-2 Device 8086:0416 Subsystem: 17AA:3801
1060  |Info:    Registering I2C interface: /dev/i2c-0 Device 8086:8C22 Subsystem: 17AA:3978
1060  |Info:    Registering I2C interface: /dev/i2c-7 Device 0000:0000 Subsystem: 0000:0000
1060  |Info:    Registering I2C interface: /dev/i2c-5 Device 8086:0416 Subsystem: 17AA:3801
1060  |Info:    ------------------------------------------------------
1060  |Info:    |               Detecting I2C devices                |
1060  |Info:    ------------------------------------------------------
1082  |Info:    ------------------------------------------------------
1082  |Info:    |               Detecting HID devices                |
1082  |Info:    ------------------------------------------------------
1082  |Info:    ------------------------------------------------------
1082  |Info:    |              Detecting other devices               |
1082  |Info:    ------------------------------------------------------
1091  |Info:    ------------------------------------------------------
1091  |Info:    |                Detection completed                 |
1091  |Info:    ------------------------------------------------------
1345  |Info:    Loading plugins
