    OpenRGB v0.7
    Commit:  from 
    Launched: 20220801_034557
====================================================================================================

1049  |Info:    ------------------------------------------------------
1049  |Info:    |               Start device detection               |
1049  |Info:    ------------------------------------------------------
1049  |Info:    Initializing HID interfaces: Success
1049  |Info:    ------------------------------------------------------
1049  |Info:    |             Detecting I2C interfaces               |
1049  |Info:    ------------------------------------------------------
1049  |Info:    Registering I2C interface: /dev/i2c-3 Device 8086:0416 Subsystem: 17AA:3801
1049  |Info:    Registering I2C interface: /dev/i2c-1 Device 8086:0416 Subsystem: 17AA:3801
1049  |Info:    Registering I2C interface: /dev/i2c-6 Device 8086:0416 Subsystem: 17AA:3801
1049  |Info:    Registering I2C interface: /dev/i2c-4 Device 8086:0416 Subsystem: 17AA:3801
1050  |Info:    Registering I2C interface: /dev/i2c-2 Device 8086:0416 Subsystem: 17AA:3801
1050  |Info:    Registering I2C interface: /dev/i2c-0 Device 8086:8C22 Subsystem: 17AA:3978
1050  |Info:    Registering I2C interface: /dev/i2c-7 Device 0000:0000 Subsystem: 0000:0000
1050  |Info:    Registering I2C interface: /dev/i2c-5 Device 8086:0416 Subsystem: 17AA:3801
1050  |Info:    ------------------------------------------------------
1050  |Info:    |               Detecting I2C devices                |
1050  |Info:    ------------------------------------------------------
1089  |Info:    ------------------------------------------------------
1089  |Info:    |               Detecting HID devices                |
1089  |Info:    ------------------------------------------------------
1089  |Info:    ------------------------------------------------------
1089  |Info:    |              Detecting other devices               |
1089  |Info:    ------------------------------------------------------
1098  |Info:    ------------------------------------------------------
1098  |Info:    |                Detection completed                 |
1098  |Info:    ------------------------------------------------------
1367  |Info:    Loading plugins
