    OpenRGB v0.7
    Commit:  from 
    Launched: 20220719_103537
====================================================================================================

1074  |Info:    ------------------------------------------------------
1074  |Info:    |               Start device detection               |
1074  |Info:    ------------------------------------------------------
1074  |Info:    Initializing HID interfaces: Success
1079  |Info:    ------------------------------------------------------
1079  |Info:    |             Detecting I2C interfaces               |
1079  |Info:    ------------------------------------------------------
1080  |Info:    Registering I2C interface: /dev/i2c-3 Device 8086:0416 Subsystem: 17AA:3801
1080  |Info:    Registering I2C interface: /dev/i2c-1 Device 8086:0416 Subsystem: 17AA:3801
1080  |Info:    Registering I2C interface: /dev/i2c-6 Device 8086:0416 Subsystem: 17AA:3801
1081  |Info:    Registering I2C interface: /dev/i2c-4 Device 8086:0416 Subsystem: 17AA:3801
1081  |Info:    Registering I2C interface: /dev/i2c-2 Device 8086:0416 Subsystem: 17AA:3801
1081  |Info:    Registering I2C interface: /dev/i2c-0 Device 8086:8C22 Subsystem: 17AA:3978
1081  |Info:    Registering I2C interface: /dev/i2c-7 Device 0000:0000 Subsystem: 0000:0000
1081  |Info:    Registering I2C interface: /dev/i2c-5 Device 8086:0416 Subsystem: 17AA:3801
1081  |Info:    ------------------------------------------------------
1081  |Info:    |               Detecting I2C devices                |
1081  |Info:    ------------------------------------------------------
1108  |Info:    ------------------------------------------------------
1108  |Info:    |               Detecting HID devices                |
1108  |Info:    ------------------------------------------------------
1310  |Info:    Loading plugins
1770  |Info:    [K530] Registering RGB controller
1770  |Info:    ------------------------------------------------------
1770  |Info:    |              Detecting other devices               |
1770  |Info:    ------------------------------------------------------
1781  |Info:    ------------------------------------------------------
1781  |Info:    |                Detection completed                 |
1781  |Info:    ------------------------------------------------------
