    OpenRGB v0.7
    Commit:  from 
    Launched: 20220727_075852
====================================================================================================

1093  |Info:    ------------------------------------------------------
1093  |Info:    |               Start device detection               |
1093  |Info:    ------------------------------------------------------
1094  |Info:    Initializing HID interfaces: Success
1099  |Info:    ------------------------------------------------------
1100  |Info:    |             Detecting I2C interfaces               |
1100  |Info:    ------------------------------------------------------
1100  |Info:    Registering I2C interface: /dev/i2c-3 Device 8086:0416 Subsystem: 17AA:3801
1100  |Info:    Registering I2C interface: /dev/i2c-1 Device 8086:0416 Subsystem: 17AA:3801
1100  |Info:    Registering I2C interface: /dev/i2c-6 Device 8086:0416 Subsystem: 17AA:3801
1100  |Info:    Registering I2C interface: /dev/i2c-4 Device 8086:0416 Subsystem: 17AA:3801
1100  |Info:    Registering I2C interface: /dev/i2c-2 Device 8086:0416 Subsystem: 17AA:3801
1101  |Info:    Registering I2C interface: /dev/i2c-0 Device 8086:8C22 Subsystem: 17AA:3978
1101  |Info:    Registering I2C interface: /dev/i2c-7 Device 0000:0000 Subsystem: 0000:0000
1101  |Info:    Registering I2C interface: /dev/i2c-5 Device 8086:0416 Subsystem: 17AA:3801
1101  |Info:    ------------------------------------------------------
1101  |Info:    |               Detecting I2C devices                |
1101  |Info:    ------------------------------------------------------
1129  |Info:    ------------------------------------------------------
1129  |Info:    |               Detecting HID devices                |
1129  |Info:    ------------------------------------------------------
1252  |Info:    Loading plugins
1798  |Info:    [K530] Registering RGB controller
1798  |Info:    ------------------------------------------------------
1798  |Info:    |              Detecting other devices               |
1798  |Info:    ------------------------------------------------------
1810  |Info:    ------------------------------------------------------
1810  |Info:    |                Detection completed                 |
1810  |Info:    ------------------------------------------------------
