    OpenRGB v0.7
    Commit:  from 
    Launched: 20221114_221326
====================================================================================================

1044  |Info:    ------------------------------------------------------
1044  |Info:    |               Start device detection               |
1044  |Info:    ------------------------------------------------------
1044  |Info:    Initializing HID interfaces: Success
1044  |Info:    ------------------------------------------------------
1044  |Info:    |             Detecting I2C interfaces               |
1044  |Info:    ------------------------------------------------------
1044  |Info:    Registering I2C interface: /dev/i2c-3 Device 8086:0416 Subsystem: 17AA:3801
1044  |Info:    Registering I2C interface: /dev/i2c-10 Device 10DE:0FE4 Subsystem: 17AA:3801
1044  |Info:    Registering I2C interface: /dev/i2c-1 Device 8086:0416 Subsystem: 17AA:3801
1044  |Info:    Registering I2C interface: /dev/i2c-8 Device 10DE:0FE4 Subsystem: 17AA:3801
1044  |Info:    Registering I2C interface: /dev/i2c-6 Device 0000:0000 Subsystem: 0000:0000
1045  |Info:    Registering I2C interface: /dev/i2c-4 Device 8086:0416 Subsystem: 17AA:3801
1045  |Info:    Registering I2C interface: /dev/i2c-2 Device 8086:0416 Subsystem: 17AA:3801
1045  |Info:    Registering I2C interface: /dev/i2c-0 Device 8086:0416 Subsystem: 17AA:3801
1045  |Info:    Registering I2C interface: /dev/i2c-9 Device 10DE:0FE4 Subsystem: 17AA:3801
1045  |Info:    Registering I2C interface: /dev/i2c-7 Device 8086:8C22 Subsystem: 17AA:3978
1045  |Info:    Registering I2C interface: /dev/i2c-5 Device 8086:0416 Subsystem: 17AA:3801
1045  |Info:    ------------------------------------------------------
1045  |Info:    |               Detecting I2C devices                |
1045  |Info:    ------------------------------------------------------
1051  |Info:    ------------------------------------------------------
1051  |Info:    |               Detecting HID devices                |
1051  |Info:    ------------------------------------------------------
1051  |Info:    ------------------------------------------------------
1051  |Info:    |              Detecting other devices               |
1051  |Info:    ------------------------------------------------------
1061  |Info:    ------------------------------------------------------
1061  |Info:    |                Detection completed                 |
1061  |Info:    ------------------------------------------------------
1382  |Info:    Loading plugins
