    OpenRGB v0.7
    Commit:  from 
    Launched: 20220921_081237
====================================================================================================

1038  |Info:    ------------------------------------------------------
1038  |Info:    |               Start device detection               |
1038  |Info:    ------------------------------------------------------
1038  |Info:    Initializing HID interfaces: Success
1038  |Info:    ------------------------------------------------------
1038  |Info:    |             Detecting I2C interfaces               |
1038  |Info:    ------------------------------------------------------
1039  |Info:    Registering I2C interface: /dev/i2c-3 Device 8086:0416 Subsystem: 17AA:3801
1039  |Info:    Registering I2C interface: /dev/i2c-1 Device 8086:0416 Subsystem: 17AA:3801
1039  |Info:    Registering I2C interface: /dev/i2c-6 Device 8086:0416 Subsystem: 17AA:3801
1039  |Info:    Registering I2C interface: /dev/i2c-4 Device 8086:0416 Subsystem: 17AA:3801
1039  |Info:    Registering I2C interface: /dev/i2c-2 Device 8086:0416 Subsystem: 17AA:3801
1039  |Info:    Registering I2C interface: /dev/i2c-0 Device 8086:8C22 Subsystem: 17AA:3978
1039  |Info:    Registering I2C interface: /dev/i2c-7 Device 0000:0000 Subsystem: 0000:0000
1039  |Info:    Registering I2C interface: /dev/i2c-5 Device 8086:0416 Subsystem: 17AA:3801
1039  |Info:    ------------------------------------------------------
1039  |Info:    |               Detecting I2C devices                |
1039  |Info:    ------------------------------------------------------
1049  |Info:    ------------------------------------------------------
1049  |Info:    |               Detecting HID devices                |
1049  |Info:    ------------------------------------------------------
1049  |Info:    ------------------------------------------------------
1049  |Info:    |              Detecting other devices               |
1049  |Info:    ------------------------------------------------------
1058  |Info:    ------------------------------------------------------
1058  |Info:    |                Detection completed                 |
1058  |Info:    ------------------------------------------------------
3770  |Info:    Loading plugins
