    OpenRGB v0.7
    Commit:  from 
    Launched: 20221106_200616
====================================================================================================

1023  |Info:    ------------------------------------------------------
1023  |Info:    |               Start device detection               |
1023  |Info:    ------------------------------------------------------
1023  |Info:    Initializing HID interfaces: Success
1037  |Info:    ------------------------------------------------------
1037  |Info:    |             Detecting I2C interfaces               |
1037  |Info:    ------------------------------------------------------
1038  |Info:    Registering I2C interface: /dev/i2c-3 Device 8086:0416 Subsystem: 17AA:3801
1038  |Info:    Registering I2C interface: /dev/i2c-1 Device 8086:0416 Subsystem: 17AA:3801
1038  |Info:    Registering I2C interface: /dev/i2c-6 Device 8086:0416 Subsystem: 17AA:3801
1038  |Info:    Registering I2C interface: /dev/i2c-4 Device 8086:0416 Subsystem: 17AA:3801
1038  |Info:    Registering I2C interface: /dev/i2c-2 Device 8086:0416 Subsystem: 17AA:3801
1039  |Info:    Registering I2C interface: /dev/i2c-0 Device 8086:8C22 Subsystem: 17AA:3978
1039  |Info:    Registering I2C interface: /dev/i2c-7 Device 0000:0000 Subsystem: 0000:0000
1039  |Info:    Registering I2C interface: /dev/i2c-5 Device 8086:0416 Subsystem: 17AA:3801
1039  |Info:    ------------------------------------------------------
1039  |Info:    |               Detecting I2C devices                |
1039  |Info:    ------------------------------------------------------
1045  |Info:    ------------------------------------------------------
1045  |Info:    |               Detecting HID devices                |
1045  |Info:    ------------------------------------------------------
1571  |Info:    Loading plugins
1760  |Info:    [K530] Registering RGB controller
1760  |Info:    ------------------------------------------------------
1760  |Info:    |              Detecting other devices               |
1760  |Info:    ------------------------------------------------------
1791  |Info:    ------------------------------------------------------
1791  |Info:    |                Detection completed                 |
1791  |Info:    ------------------------------------------------------
