    OpenRGB v0.7
    Commit:  from 
    Launched: 20221110_153557
====================================================================================================

1030  |Info:    ------------------------------------------------------
1030  |Info:    |               Start device detection               |
1030  |Info:    ------------------------------------------------------
1037  |Info:    Initializing HID interfaces: Success
1047  |Info:    ------------------------------------------------------
1047  |Info:    |             Detecting I2C interfaces               |
1047  |Info:    ------------------------------------------------------
1047  |Info:    Registering I2C interface: /dev/i2c-3 Device 8086:0416 Subsystem: 17AA:3801
1048  |Info:    Registering I2C interface: /dev/i2c-10 Device 10DE:0FE4 Subsystem: 17AA:3801
1048  |Info:    Registering I2C interface: /dev/i2c-1 Device 8086:0416 Subsystem: 17AA:3801
1048  |Info:    Registering I2C interface: /dev/i2c-8 Device 10DE:0FE4 Subsystem: 17AA:3801
1048  |Info:    Registering I2C interface: /dev/i2c-6 Device 8086:8C22 Subsystem: 17AA:3978
1048  |Info:    Registering I2C interface: /dev/i2c-4 Device 8086:0416 Subsystem: 17AA:3801
1048  |Info:    Registering I2C interface: /dev/i2c-2 Device 8086:0416 Subsystem: 17AA:3801
1048  |Info:    Registering I2C interface: /dev/i2c-0 Device 8086:0416 Subsystem: 17AA:3801
1048  |Info:    Registering I2C interface: /dev/i2c-9 Device 10DE:0FE4 Subsystem: 17AA:3801
1048  |Info:    Registering I2C interface: /dev/i2c-7 Device 0000:0000 Subsystem: 0000:0000
1049  |Info:    Registering I2C interface: /dev/i2c-5 Device 8086:0416 Subsystem: 17AA:3801
1049  |Info:    ------------------------------------------------------
1049  |Info:    |               Detecting I2C devices                |
1049  |Info:    ------------------------------------------------------
1069  |Info:    ------------------------------------------------------
1069  |Info:    |               Detecting HID devices                |
1069  |Info:    ------------------------------------------------------
1373  |Info:    Loading plugins
1757  |Info:    [K530] Registering RGB controller
1757  |Info:    ------------------------------------------------------
1757  |Info:    |              Detecting other devices               |
1757  |Info:    ------------------------------------------------------
1765  |Info:    ------------------------------------------------------
1765  |Info:    |                Detection completed                 |
1765  |Info:    ------------------------------------------------------
