    OpenRGB v0.7
    Commit:  from 
    Launched: 20220726_032814
====================================================================================================

1071  |Info:    ------------------------------------------------------
1071  |Info:    |               Start device detection               |
1071  |Info:    ------------------------------------------------------
1071  |Info:    Initializing HID interfaces: Success
1071  |Info:    ------------------------------------------------------
1071  |Info:    |             Detecting I2C interfaces               |
1071  |Info:    ------------------------------------------------------
1072  |Info:    Registering I2C interface: /dev/i2c-3 Device 8086:0416 Subsystem: 17AA:3801
1072  |Info:    Registering I2C interface: /dev/i2c-1 Device 8086:0416 Subsystem: 17AA:3801
1072  |Info:    Registering I2C interface: /dev/i2c-6 Device 8086:0416 Subsystem: 17AA:3801
1072  |Info:    Registering I2C interface: /dev/i2c-4 Device 8086:0416 Subsystem: 17AA:3801
1072  |Info:    Registering I2C interface: /dev/i2c-2 Device 8086:0416 Subsystem: 17AA:3801
1073  |Info:    Registering I2C interface: /dev/i2c-0 Device 8086:8C22 Subsystem: 17AA:3978
1073  |Info:    Registering I2C interface: /dev/i2c-7 Device 0000:0000 Subsystem: 0000:0000
1073  |Info:    Registering I2C interface: /dev/i2c-5 Device 8086:0416 Subsystem: 17AA:3801
1073  |Info:    ------------------------------------------------------
1073  |Info:    |               Detecting I2C devices                |
1073  |Info:    ------------------------------------------------------
1101  |Info:    ------------------------------------------------------
1101  |Info:    |               Detecting HID devices                |
1101  |Info:    ------------------------------------------------------
1101  |Info:    ------------------------------------------------------
1101  |Info:    |              Detecting other devices               |
1101  |Info:    ------------------------------------------------------
1139  |Info:    ------------------------------------------------------
1139  |Info:    |                Detection completed                 |
1139  |Info:    ------------------------------------------------------
1208  |Info:    Loading plugins
