    OpenRGB v0.7
    Commit:  from 
    Launched: 20220720_090933
====================================================================================================

1067  |Info:    ------------------------------------------------------
1067  |Info:    |               Start device detection               |
1067  |Info:    ------------------------------------------------------
1067  |Info:    Initializing HID interfaces: Success
1073  |Info:    ------------------------------------------------------
1073  |Info:    |             Detecting I2C interfaces               |
1073  |Info:    ------------------------------------------------------
1076  |Info:    Registering I2C interface: /dev/i2c-3 Device 8086:0416 Subsystem: 17AA:3801
1076  |Info:    Registering I2C interface: /dev/i2c-1 Device 8086:0416 Subsystem: 17AA:3801
1076  |Info:    Registering I2C interface: /dev/i2c-6 Device 8086:0416 Subsystem: 17AA:3801
1076  |Info:    Registering I2C interface: /dev/i2c-4 Device 8086:0416 Subsystem: 17AA:3801
1076  |Info:    Registering I2C interface: /dev/i2c-2 Device 8086:0416 Subsystem: 17AA:3801
1077  |Info:    Registering I2C interface: /dev/i2c-0 Device 8086:8C22 Subsystem: 17AA:3978
1077  |Info:    Registering I2C interface: /dev/i2c-7 Device 0000:0000 Subsystem: 0000:0000
1077  |Info:    Registering I2C interface: /dev/i2c-5 Device 8086:0416 Subsystem: 17AA:3801
1077  |Info:    ------------------------------------------------------
1077  |Info:    |               Detecting I2C devices                |
1077  |Info:    ------------------------------------------------------
1108  |Info:    ------------------------------------------------------
1113  |Info:    |               Detecting HID devices                |
1113  |Info:    ------------------------------------------------------
1217  |Info:    Loading plugins
1776  |Info:    [K530] Registering RGB controller
1776  |Info:    ------------------------------------------------------
1776  |Info:    |              Detecting other devices               |
1776  |Info:    ------------------------------------------------------
1786  |Info:    ------------------------------------------------------
1786  |Info:    |                Detection completed                 |
1786  |Info:    ------------------------------------------------------
