    OpenRGB v0.7
    Commit:  from 
    Launched: 20220828_123904
====================================================================================================

1049  |Info:    ------------------------------------------------------
1049  |Info:    |               Start device detection               |
1049  |Info:    ------------------------------------------------------
1049  |Info:    Initializing HID interfaces: Success
1054  |Info:    ------------------------------------------------------
1054  |Info:    |             Detecting I2C interfaces               |
1054  |Info:    ------------------------------------------------------
1055  |Info:    Registering I2C interface: /dev/i2c-3 Device 8086:0416 Subsystem: 17AA:3801
1055  |Info:    Registering I2C interface: /dev/i2c-1 Device 8086:0416 Subsystem: 17AA:3801
1055  |Info:    Registering I2C interface: /dev/i2c-6 Device 8086:0416 Subsystem: 17AA:3801
1056  |Info:    Registering I2C interface: /dev/i2c-4 Device 8086:0416 Subsystem: 17AA:3801
1056  |Info:    Registering I2C interface: /dev/i2c-2 Device 8086:0416 Subsystem: 17AA:3801
1056  |Info:    Registering I2C interface: /dev/i2c-0 Device 8086:8C22 Subsystem: 17AA:3978
1056  |Info:    Registering I2C interface: /dev/i2c-7 Device 0000:0000 Subsystem: 0000:0000
1056  |Info:    Registering I2C interface: /dev/i2c-5 Device 8086:0416 Subsystem: 17AA:3801
1056  |Info:    ------------------------------------------------------
1056  |Info:    |               Detecting I2C devices                |
1056  |Info:    ------------------------------------------------------
1102  |Info:    ------------------------------------------------------
1102  |Info:    |               Detecting HID devices                |
1102  |Info:    ------------------------------------------------------
1205  |Info:    Loading plugins
1773  |Info:    [K530] Registering RGB controller
1773  |Info:    ------------------------------------------------------
1773  |Info:    |              Detecting other devices               |
1773  |Info:    ------------------------------------------------------
1784  |Info:    ------------------------------------------------------
1784  |Info:    |                Detection completed                 |
1784  |Info:    ------------------------------------------------------
