    OpenRGB v0.7
    Commit:  from 
    Launched: 20220729_105310
====================================================================================================

1076  |Info:    ------------------------------------------------------
1076  |Info:    |               Start device detection               |
1076  |Info:    ------------------------------------------------------
1076  |Info:    Initializing HID interfaces: Success
1081  |Info:    ------------------------------------------------------
1081  |Info:    |             Detecting I2C interfaces               |
1081  |Info:    ------------------------------------------------------
1083  |Info:    Registering I2C interface: /dev/i2c-3 Device 8086:0416 Subsystem: 17AA:3801
1083  |Info:    Registering I2C interface: /dev/i2c-1 Device 8086:0416 Subsystem: 17AA:3801
1083  |Info:    Registering I2C interface: /dev/i2c-6 Device 8086:0416 Subsystem: 17AA:3801
1083  |Info:    Registering I2C interface: /dev/i2c-4 Device 8086:0416 Subsystem: 17AA:3801
1084  |Info:    Registering I2C interface: /dev/i2c-2 Device 8086:0416 Subsystem: 17AA:3801
1084  |Info:    Registering I2C interface: /dev/i2c-0 Device 8086:8C22 Subsystem: 17AA:3978
1084  |Info:    Registering I2C interface: /dev/i2c-7 Device 0000:0000 Subsystem: 0000:0000
1084  |Info:    Registering I2C interface: /dev/i2c-5 Device 8086:0416 Subsystem: 17AA:3801
1084  |Info:    ------------------------------------------------------
1084  |Info:    |               Detecting I2C devices                |
1084  |Info:    ------------------------------------------------------
1115  |Info:    ------------------------------------------------------
1121  |Info:    |               Detecting HID devices                |
1121  |Info:    ------------------------------------------------------
1242  |Info:    Loading plugins
1796  |Info:    [K530] Registering RGB controller
1796  |Info:    ------------------------------------------------------
1796  |Info:    |              Detecting other devices               |
1796  |Info:    ------------------------------------------------------
1818  |Info:    ------------------------------------------------------
1818  |Info:    |                Detection completed                 |
1818  |Info:    ------------------------------------------------------
