    OpenRGB v0.7
    Commit:  from 
    Launched: 20220701_051446
====================================================================================================

1080  |Info:    ------------------------------------------------------
1080  |Info:    |               Start device detection               |
1080  |Info:    ------------------------------------------------------
1080  |Info:    Initializing HID interfaces: Success
1087  |Info:    ------------------------------------------------------
1087  |Info:    |             Detecting I2C interfaces               |
1087  |Info:    ------------------------------------------------------
1088  |Info:    Registering I2C interface: /dev/i2c-3 Device 8086:0416 Subsystem: 17AA:3801
1088  |Info:    Registering I2C interface: /dev/i2c-1 Device 8086:0416 Subsystem: 17AA:3801
1088  |Info:    Registering I2C interface: /dev/i2c-6 Device 8086:0416 Subsystem: 17AA:3801
1088  |Info:    Registering I2C interface: /dev/i2c-4 Device 8086:0416 Subsystem: 17AA:3801
1088  |Info:    Registering I2C interface: /dev/i2c-2 Device 8086:0416 Subsystem: 17AA:3801
1088  |Info:    Registering I2C interface: /dev/i2c-0 Device 8086:8C22 Subsystem: 17AA:3978
1089  |Info:    Registering I2C interface: /dev/i2c-7 Device 0000:0000 Subsystem: 0000:0000
1089  |Info:    Registering I2C interface: /dev/i2c-5 Device 8086:0416 Subsystem: 17AA:3801
1089  |Info:    ------------------------------------------------------
1089  |Info:    |               Detecting I2C devices                |
1089  |Info:    ------------------------------------------------------
1127  |Info:    ------------------------------------------------------
1127  |Info:    |               Detecting HID devices                |
1127  |Info:    ------------------------------------------------------
1262  |Info:    Loading plugins
1794  |Info:    [K530] Registering RGB controller
1794  |Info:    ------------------------------------------------------
1794  |Info:    |              Detecting other devices               |
1794  |Info:    ------------------------------------------------------
1813  |Info:    ------------------------------------------------------
1813  |Info:    |                Detection completed                 |
1813  |Info:    ------------------------------------------------------
