    OpenRGB v0.7
    Commit:  from 
    Launched: 20221112_193835
====================================================================================================

1009  |Info:    ------------------------------------------------------
1010  |Info:    |               Start device detection               |
1010  |Info:    ------------------------------------------------------
1010  |Info:    Initializing HID interfaces: Success
1010  |Info:    ------------------------------------------------------
1010  |Info:    |             Detecting I2C interfaces               |
1010  |Info:    ------------------------------------------------------
1010  |Info:    Registering I2C interface: /dev/i2c-3 Device 8086:0416 Subsystem: 17AA:3801
1010  |Info:    Registering I2C interface: /dev/i2c-10 Device 10DE:0FE4 Subsystem: 17AA:3801
1010  |Info:    Registering I2C interface: /dev/i2c-1 Device 8086:0416 Subsystem: 17AA:3801
1010  |Info:    Registering I2C interface: /dev/i2c-8 Device 10DE:0FE4 Subsystem: 17AA:3801
1011  |Info:    Registering I2C interface: /dev/i2c-6 Device 8086:0416 Subsystem: 17AA:3801
1011  |Info:    Registering I2C interface: /dev/i2c-4 Device 8086:0416 Subsystem: 17AA:3801
1011  |Info:    Registering I2C interface: /dev/i2c-2 Device 8086:0416 Subsystem: 17AA:3801
1011  |Info:    Registering I2C interface: /dev/i2c-0 Device 8086:8C22 Subsystem: 17AA:3978
1011  |Info:    Registering I2C interface: /dev/i2c-9 Device 10DE:0FE4 Subsystem: 17AA:3801
1011  |Info:    Registering I2C interface: /dev/i2c-7 Device 0000:0000 Subsystem: 0000:0000
1011  |Info:    Registering I2C interface: /dev/i2c-5 Device 8086:0416 Subsystem: 17AA:3801
1011  |Info:    ------------------------------------------------------
1011  |Info:    |               Detecting I2C devices                |
1011  |Info:    ------------------------------------------------------
1037  |Info:    ------------------------------------------------------
1037  |Info:    |               Detecting HID devices                |
1037  |Info:    ------------------------------------------------------
1037  |Info:    ------------------------------------------------------
1037  |Info:    |              Detecting other devices               |
1037  |Info:    ------------------------------------------------------
1047  |Info:    ------------------------------------------------------
1047  |Info:    |                Detection completed                 |
1047  |Info:    ------------------------------------------------------
1454  |Info:    Loading plugins
