    OpenRGB v0.7
    Commit:  from 
    Launched: 20220905_082858
====================================================================================================

1044  |Info:    ------------------------------------------------------
1045  |Info:    |               Start device detection               |
1045  |Info:    ------------------------------------------------------
1045  |Info:    Initializing HID interfaces: Success
1051  |Info:    ------------------------------------------------------
1051  |Info:    |             Detecting I2C interfaces               |
1051  |Info:    ------------------------------------------------------
1053  |Info:    Registering I2C interface: /dev/i2c-3 Device 8086:0416 Subsystem: 17AA:3801
1053  |Info:    Registering I2C interface: /dev/i2c-1 Device 8086:0416 Subsystem: 17AA:3801
1054  |Info:    Registering I2C interface: /dev/i2c-6 Device 8086:0416 Subsystem: 17AA:3801
1054  |Info:    Registering I2C interface: /dev/i2c-4 Device 8086:0416 Subsystem: 17AA:3801
1064  |Info:    Registering I2C interface: /dev/i2c-2 Device 8086:0416 Subsystem: 17AA:3801
1064  |Info:    Registering I2C interface: /dev/i2c-0 Device 8086:8C22 Subsystem: 17AA:3978
1064  |Info:    Registering I2C interface: /dev/i2c-7 Device 0000:0000 Subsystem: 0000:0000
1064  |Info:    Registering I2C interface: /dev/i2c-5 Device 8086:0416 Subsystem: 17AA:3801
1064  |Info:    ------------------------------------------------------
1064  |Info:    |               Detecting I2C devices                |
1064  |Info:    ------------------------------------------------------
1103  |Info:    ------------------------------------------------------
1103  |Info:    |               Detecting HID devices                |
1103  |Info:    ------------------------------------------------------
1284  |Info:    Loading plugins
1770  |Info:    [K530] Registering RGB controller
1770  |Info:    ------------------------------------------------------
1770  |Info:    |              Detecting other devices               |
1770  |Info:    ------------------------------------------------------
1860  |Info:    ------------------------------------------------------
1860  |Info:    |                Detection completed                 |
1860  |Info:    ------------------------------------------------------
