    OpenRGB v0.7
    Commit:  from 
    Launched: 20220811_112420
====================================================================================================

1303  |Info:    ------------------------------------------------------
1303  |Info:    |               Start device detection               |
1303  |Info:    ------------------------------------------------------
1303  |Info:    Initializing HID interfaces: Success
1310  |Info:    ------------------------------------------------------
1310  |Info:    |             Detecting I2C interfaces               |
1310  |Info:    ------------------------------------------------------
1311  |Info:    Registering I2C interface: /dev/i2c-3 Device 8086:0416 Subsystem: 17AA:3801
1311  |Info:    Registering I2C interface: /dev/i2c-1 Device 8086:0416 Subsystem: 17AA:3801
1311  |Info:    Registering I2C interface: /dev/i2c-6 Device 8086:0416 Subsystem: 17AA:3801
1311  |Info:    Registering I2C interface: /dev/i2c-4 Device 8086:0416 Subsystem: 17AA:3801
1311  |Info:    Registering I2C interface: /dev/i2c-2 Device 8086:0416 Subsystem: 17AA:3801
1312  |Info:    Registering I2C interface: /dev/i2c-0 Device 8086:8C22 Subsystem: 17AA:3978
1312  |Info:    Registering I2C interface: /dev/i2c-7 Device 0000:0000 Subsystem: 0000:0000
1312  |Info:    Registering I2C interface: /dev/i2c-5 Device 8086:0416 Subsystem: 17AA:3801
1312  |Info:    ------------------------------------------------------
1312  |Info:    |               Detecting I2C devices                |
1312  |Info:    ------------------------------------------------------
1351  |Info:    ------------------------------------------------------
1351  |Info:    |               Detecting HID devices                |
1351  |Info:    ------------------------------------------------------
1868  |Info:    Loading plugins
2025  |Info:    [K530] Registering RGB controller
2025  |Info:    ------------------------------------------------------
2025  |Info:    |              Detecting other devices               |
2025  |Info:    ------------------------------------------------------
2037  |Info:    ------------------------------------------------------
2037  |Info:    |                Detection completed                 |
2037  |Info:    ------------------------------------------------------
