    OpenRGB v0.7
    Commit:  from 
    Launched: 20220822_112551
====================================================================================================

1056  |Info:    ------------------------------------------------------
1056  |Info:    |               Start device detection               |
1056  |Info:    ------------------------------------------------------
1056  |Info:    Initializing HID interfaces: Success
1067  |Info:    ------------------------------------------------------
1067  |Info:    |             Detecting I2C interfaces               |
1067  |Info:    ------------------------------------------------------
1067  |Info:    Registering I2C interface: /dev/i2c-3 Device 8086:0416 Subsystem: 17AA:3801
1068  |Info:    Registering I2C interface: /dev/i2c-1 Device 8086:0416 Subsystem: 17AA:3801
1068  |Info:    Registering I2C interface: /dev/i2c-6 Device 8086:0416 Subsystem: 17AA:3801
1068  |Info:    Registering I2C interface: /dev/i2c-4 Device 8086:0416 Subsystem: 17AA:3801
1069  |Info:    Registering I2C interface: /dev/i2c-2 Device 8086:0416 Subsystem: 17AA:3801
1136  |Info:    Registering I2C interface: /dev/i2c-0 Device 8086:8C22 Subsystem: 17AA:3978
1140  |Info:    Registering I2C interface: /dev/i2c-7 Device 0000:0000 Subsystem: 0000:0000
1140  |Info:    Registering I2C interface: /dev/i2c-5 Device 8086:0416 Subsystem: 17AA:3801
1140  |Info:    ------------------------------------------------------
1140  |Info:    |               Detecting I2C devices                |
1140  |Info:    ------------------------------------------------------
1228  |Info:    Loading plugins
1375  |Info:    ------------------------------------------------------
1375  |Info:    |               Detecting HID devices                |
1375  |Info:    ------------------------------------------------------
2041  |Info:    [K530] Registering RGB controller
2041  |Info:    ------------------------------------------------------
2041  |Info:    |              Detecting other devices               |
2041  |Info:    ------------------------------------------------------
2053  |Info:    ------------------------------------------------------
2053  |Info:    |                Detection completed                 |
2053  |Info:    ------------------------------------------------------
