    OpenRGB v0.7
    Commit:  from 
    Launched: 20221026_074544
====================================================================================================

1017  |Info:    ------------------------------------------------------
1017  |Info:    |               Start device detection               |
1017  |Info:    ------------------------------------------------------
1017  |Info:    Initializing HID interfaces: Success
1025  |Info:    ------------------------------------------------------
1025  |Info:    |             Detecting I2C interfaces               |
1025  |Info:    ------------------------------------------------------
1026  |Info:    Registering I2C interface: /dev/i2c-3 Device 8086:0416 Subsystem: 17AA:3801
1026  |Info:    Registering I2C interface: /dev/i2c-1 Device 8086:0416 Subsystem: 17AA:3801
1026  |Info:    Registering I2C interface: /dev/i2c-6 Device 8086:0416 Subsystem: 17AA:3801
1026  |Info:    Registering I2C interface: /dev/i2c-4 Device 8086:0416 Subsystem: 17AA:3801
1026  |Info:    Registering I2C interface: /dev/i2c-2 Device 8086:0416 Subsystem: 17AA:3801
1027  |Info:    Registering I2C interface: /dev/i2c-0 Device 8086:8C22 Subsystem: 17AA:3978
1027  |Info:    Registering I2C interface: /dev/i2c-7 Device 0000:0000 Subsystem: 0000:0000
1027  |Info:    Registering I2C interface: /dev/i2c-5 Device 8086:0416 Subsystem: 17AA:3801
1027  |Info:    ------------------------------------------------------
1027  |Info:    |               Detecting I2C devices                |
1027  |Info:    ------------------------------------------------------
1034  |Info:    ------------------------------------------------------
1034  |Info:    |               Detecting HID devices                |
1034  |Info:    ------------------------------------------------------
1434  |Info:    Loading plugins
1703  |Info:    [K530] Registering RGB controller
1703  |Info:    ------------------------------------------------------
1703  |Info:    |              Detecting other devices               |
1703  |Info:    ------------------------------------------------------
1715  |Info:    ------------------------------------------------------
1715  |Info:    |                Detection completed                 |
1715  |Info:    ------------------------------------------------------
