    OpenRGB v0.7
    Commit:  from 
    Launched: 20220905_082547
====================================================================================================

1067  |Info:    ------------------------------------------------------
1067  |Info:    |               Start device detection               |
1067  |Info:    ------------------------------------------------------
1067  |Info:    Initializing HID interfaces: Success
1074  |Info:    ------------------------------------------------------
1075  |Info:    |             Detecting I2C interfaces               |
1075  |Info:    ------------------------------------------------------
1076  |Info:    Registering I2C interface: /dev/i2c-3 Device 8086:0416 Subsystem: 17AA:3801
1076  |Info:    Registering I2C interface: /dev/i2c-1 Device 8086:0416 Subsystem: 17AA:3801
1076  |Info:    Registering I2C interface: /dev/i2c-6 Device 8086:0416 Subsystem: 17AA:3801
1076  |Info:    Registering I2C interface: /dev/i2c-4 Device 8086:0416 Subsystem: 17AA:3801
1076  |Info:    Registering I2C interface: /dev/i2c-2 Device 8086:0416 Subsystem: 17AA:3801
1077  |Info:    Registering I2C interface: /dev/i2c-0 Device 8086:8C22 Subsystem: 17AA:3978
1077  |Info:    Registering I2C interface: /dev/i2c-7 Device 0000:0000 Subsystem: 0000:0000
1077  |Info:    Registering I2C interface: /dev/i2c-5 Device 8086:0416 Subsystem: 17AA:3801
1077  |Info:    ------------------------------------------------------
1077  |Info:    |               Detecting I2C devices                |
1077  |Info:    ------------------------------------------------------
1101  |Info:    ------------------------------------------------------
1104  |Info:    |               Detecting HID devices                |
1104  |Info:    ------------------------------------------------------
1239  |Info:    Loading plugins
1631  |Info:    [K530] Registering RGB controller
1631  |Info:    ------------------------------------------------------
1631  |Info:    |              Detecting other devices               |
1631  |Info:    ------------------------------------------------------
1643  |Info:    ------------------------------------------------------
1643  |Info:    |                Detection completed                 |
1643  |Info:    ------------------------------------------------------
