    OpenRGB v0.7
    Commit:  from 
    Launched: 20221112_192548
====================================================================================================

1007  |Info:    ------------------------------------------------------
1007  |Info:    |               Start device detection               |
1007  |Info:    ------------------------------------------------------
1007  |Info:    Initializing HID interfaces: Success
1008  |Info:    ------------------------------------------------------
1008  |Info:    |             Detecting I2C interfaces               |
1008  |Info:    ------------------------------------------------------
1008  |Info:    Registering I2C interface: /dev/i2c-3 Device 8086:0416 Subsystem: 17AA:3801
1008  |Info:    Registering I2C interface: /dev/i2c-10 Device 10DE:0FE4 Subsystem: 17AA:3801
1008  |Info:    Registering I2C interface: /dev/i2c-1 Device 8086:0416 Subsystem: 17AA:3801
1008  |Info:    Registering I2C interface: /dev/i2c-8 Device 10DE:0FE4 Subsystem: 17AA:3801
1008  |Info:    Registering I2C interface: /dev/i2c-6 Device 8086:8C22 Subsystem: 17AA:3978
1008  |Info:    Registering I2C interface: /dev/i2c-4 Device 8086:0416 Subsystem: 17AA:3801
1008  |Info:    Registering I2C interface: /dev/i2c-2 Device 8086:0416 Subsystem: 17AA:3801
1008  |Info:    Registering I2C interface: /dev/i2c-0 Device 8086:0416 Subsystem: 17AA:3801
1009  |Info:    Registering I2C interface: /dev/i2c-9 Device 10DE:0FE4 Subsystem: 17AA:3801
1009  |Info:    Registering I2C interface: /dev/i2c-7 Device 0000:0000 Subsystem: 0000:0000
1009  |Info:    Registering I2C interface: /dev/i2c-5 Device 8086:0416 Subsystem: 17AA:3801
1009  |Info:    ------------------------------------------------------
1009  |Info:    |               Detecting I2C devices                |
1009  |Info:    ------------------------------------------------------
1015  |Info:    ------------------------------------------------------
1015  |Info:    |               Detecting HID devices                |
1015  |Info:    ------------------------------------------------------
1015  |Info:    ------------------------------------------------------
1015  |Info:    |              Detecting other devices               |
1015  |Info:    ------------------------------------------------------
1025  |Info:    ------------------------------------------------------
1025  |Info:    |                Detection completed                 |
1025  |Info:    ------------------------------------------------------
1367  |Info:    Loading plugins
