    OpenRGB v0.7
    Commit:  from 
    Launched: 20220816_110331
====================================================================================================

1054  |Info:    ------------------------------------------------------
1054  |Info:    |               Start device detection               |
1054  |Info:    ------------------------------------------------------
1054  |Info:    Initializing HID interfaces: Success
1059  |Info:    ------------------------------------------------------
1059  |Info:    |             Detecting I2C interfaces               |
1059  |Info:    ------------------------------------------------------
1060  |Info:    Registering I2C interface: /dev/i2c-3 Device 8086:0416 Subsystem: 17AA:3801
1060  |Info:    Registering I2C interface: /dev/i2c-1 Device 8086:0416 Subsystem: 17AA:3801
1060  |Info:    Registering I2C interface: /dev/i2c-6 Device 8086:0416 Subsystem: 17AA:3801
1060  |Info:    Registering I2C interface: /dev/i2c-4 Device 8086:0416 Subsystem: 17AA:3801
1060  |Info:    Registering I2C interface: /dev/i2c-2 Device 8086:0416 Subsystem: 17AA:3801
1060  |Info:    Registering I2C interface: /dev/i2c-0 Device 8086:8C22 Subsystem: 17AA:3978
1061  |Info:    Registering I2C interface: /dev/i2c-7 Device 0000:0000 Subsystem: 0000:0000
1061  |Info:    Registering I2C interface: /dev/i2c-5 Device 8086:0416 Subsystem: 17AA:3801
1061  |Info:    ------------------------------------------------------
1061  |Info:    |               Detecting I2C devices                |
1061  |Info:    ------------------------------------------------------
1091  |Info:    ------------------------------------------------------
1091  |Info:    |               Detecting HID devices                |
1091  |Info:    ------------------------------------------------------
1254  |Info:    Loading plugins
1750  |Info:    [K530] Registering RGB controller
1751  |Info:    ------------------------------------------------------
1751  |Info:    |              Detecting other devices               |
1751  |Info:    ------------------------------------------------------
1765  |Info:    ------------------------------------------------------
1765  |Info:    |                Detection completed                 |
1765  |Info:    ------------------------------------------------------
