    OpenRGB v0.7
    Commit:  from 
    Launched: 20221113_203417
====================================================================================================

1006  |Info:    ------------------------------------------------------
1007  |Info:    |               Start device detection               |
1007  |Info:    ------------------------------------------------------
1007  |Info:    Initializing HID interfaces: Success
1007  |Info:    ------------------------------------------------------
1007  |Info:    |             Detecting I2C interfaces               |
1007  |Info:    ------------------------------------------------------
1007  |Info:    Registering I2C interface: /dev/i2c-3 Device 8086:0416 Subsystem: 17AA:3801
1007  |Info:    Registering I2C interface: /dev/i2c-10 Device 10DE:0FE4 Subsystem: 17AA:3801
1007  |Info:    Registering I2C interface: /dev/i2c-1 Device 8086:0416 Subsystem: 17AA:3801
1015  |Info:    Registering I2C interface: /dev/i2c-8 Device 10DE:0FE4 Subsystem: 17AA:3801
1015  |Info:    Registering I2C interface: /dev/i2c-6 Device 8086:0416 Subsystem: 17AA:3801
1015  |Info:    Registering I2C interface: /dev/i2c-4 Device 8086:0416 Subsystem: 17AA:3801
1015  |Info:    Registering I2C interface: /dev/i2c-2 Device 8086:0416 Subsystem: 17AA:3801
1016  |Info:    Registering I2C interface: /dev/i2c-0 Device 8086:8C22 Subsystem: 17AA:3978
1016  |Info:    Registering I2C interface: /dev/i2c-9 Device 10DE:0FE4 Subsystem: 17AA:3801
1016  |Info:    Registering I2C interface: /dev/i2c-7 Device 0000:0000 Subsystem: 0000:0000
1016  |Info:    Registering I2C interface: /dev/i2c-5 Device 8086:0416 Subsystem: 17AA:3801
1016  |Info:    ------------------------------------------------------
1016  |Info:    |               Detecting I2C devices                |
1016  |Info:    ------------------------------------------------------
1026  |Info:    ------------------------------------------------------
1027  |Info:    |               Detecting HID devices                |
1027  |Info:    ------------------------------------------------------
1027  |Info:    ------------------------------------------------------
1027  |Info:    |              Detecting other devices               |
1027  |Info:    ------------------------------------------------------
1043  |Info:    ------------------------------------------------------
1043  |Info:    |                Detection completed                 |
1043  |Info:    ------------------------------------------------------
1397  |Info:    Loading plugins
