    OpenRGB v0.7
    Commit:  from 
    Launched: 20220801_035111
====================================================================================================

1016  |Info:    ------------------------------------------------------
1016  |Info:    |               Start device detection               |
1016  |Info:    ------------------------------------------------------
1016  |Info:    Initializing HID interfaces: Success
1019  |Info:    ------------------------------------------------------
1019  |Info:    |             Detecting I2C interfaces               |
1019  |Info:    ------------------------------------------------------
1024  |Info:    Registering I2C interface: /dev/i2c-3 Device 8086:0416 Subsystem: 17AA:3801
1024  |Info:    Registering I2C interface: /dev/i2c-1 Device 8086:0416 Subsystem: 17AA:3801
1024  |Info:    Registering I2C interface: /dev/i2c-6 Device 8086:0416 Subsystem: 17AA:3801
1025  |Info:    Registering I2C interface: /dev/i2c-4 Device 8086:0416 Subsystem: 17AA:3801
1025  |Info:    Registering I2C interface: /dev/i2c-2 Device 8086:0416 Subsystem: 17AA:3801
1025  |Info:    Registering I2C interface: /dev/i2c-0 Device 8086:8C22 Subsystem: 17AA:3978
1025  |Info:    Registering I2C interface: /dev/i2c-7 Device 0000:0000 Subsystem: 0000:0000
1025  |Info:    Registering I2C interface: /dev/i2c-5 Device 8086:0416 Subsystem: 17AA:3801
1025  |Info:    ------------------------------------------------------
1025  |Info:    |               Detecting I2C devices                |
1025  |Info:    ------------------------------------------------------
1034  |Info:    ------------------------------------------------------
1034  |Info:    |               Detecting HID devices                |
1034  |Info:    ------------------------------------------------------
1034  |Info:    ------------------------------------------------------
1034  |Info:    |              Detecting other devices               |
1034  |Info:    ------------------------------------------------------
1042  |Info:    ------------------------------------------------------
1042  |Info:    |                Detection completed                 |
1042  |Info:    ------------------------------------------------------
3499  |Info:    Loading plugins
