    OpenRGB v0.7
    Commit:  from 
    Launched: 20221020_125419
====================================================================================================

1013  |Info:    ------------------------------------------------------
1013  |Info:    |               Start device detection               |
1013  |Info:    ------------------------------------------------------
1013  |Info:    Initializing HID interfaces: Success
1026  |Info:    ------------------------------------------------------
1026  |Info:    |             Detecting I2C interfaces               |
1026  |Info:    ------------------------------------------------------
1027  |Info:    Registering I2C interface: /dev/i2c-3 Device 8086:0416 Subsystem: 17AA:3801
1027  |Info:    Registering I2C interface: /dev/i2c-1 Device 8086:0416 Subsystem: 17AA:3801
1027  |Info:    Registering I2C interface: /dev/i2c-6 Device 8086:0416 Subsystem: 17AA:3801
1027  |Info:    Registering I2C interface: /dev/i2c-4 Device 8086:0416 Subsystem: 17AA:3801
1027  |Info:    Registering I2C interface: /dev/i2c-2 Device 8086:0416 Subsystem: 17AA:3801
1028  |Info:    Registering I2C interface: /dev/i2c-0 Device 8086:8C22 Subsystem: 17AA:3978
1028  |Info:    Registering I2C interface: /dev/i2c-7 Device 0000:0000 Subsystem: 0000:0000
1028  |Info:    Registering I2C interface: /dev/i2c-5 Device 8086:0416 Subsystem: 17AA:3801
1028  |Info:    ------------------------------------------------------
1028  |Info:    |               Detecting I2C devices                |
1028  |Info:    ------------------------------------------------------
1051  |Info:    ------------------------------------------------------
1051  |Info:    |               Detecting HID devices                |
1051  |Info:    ------------------------------------------------------
1051  |Info:    ------------------------------------------------------
1051  |Info:    |              Detecting other devices               |
1051  |Info:    ------------------------------------------------------
1061  |Info:    ------------------------------------------------------
1061  |Info:    |                Detection completed                 |
1061  |Info:    ------------------------------------------------------
1514  |Info:    Loading plugins
