    OpenRGB v0.7
    Commit:  from 
    Launched: 20220920_161324
====================================================================================================

1056  |Info:    ------------------------------------------------------
1056  |Info:    |               Start device detection               |
1056  |Info:    ------------------------------------------------------
1056  |Info:    Initializing HID interfaces: Success
1062  |Info:    ------------------------------------------------------
1062  |Info:    |             Detecting I2C interfaces               |
1062  |Info:    ------------------------------------------------------
1065  |Info:    Registering I2C interface: /dev/i2c-3 Device 8086:0416 Subsystem: 17AA:3801
1065  |Info:    Registering I2C interface: /dev/i2c-1 Device 8086:0416 Subsystem: 17AA:3801
1065  |Info:    Registering I2C interface: /dev/i2c-6 Device 8086:0416 Subsystem: 17AA:3801
1065  |Info:    Registering I2C interface: /dev/i2c-4 Device 8086:0416 Subsystem: 17AA:3801
1066  |Info:    Registering I2C interface: /dev/i2c-2 Device 8086:0416 Subsystem: 17AA:3801
1066  |Info:    Registering I2C interface: /dev/i2c-0 Device 8086:8C22 Subsystem: 17AA:3978
1067  |Info:    Registering I2C interface: /dev/i2c-7 Device 0000:0000 Subsystem: 0000:0000
1067  |Info:    Registering I2C interface: /dev/i2c-5 Device 8086:0416 Subsystem: 17AA:3801
1067  |Info:    ------------------------------------------------------
1067  |Info:    |               Detecting I2C devices                |
1067  |Info:    ------------------------------------------------------
1078  |Info:    ------------------------------------------------------
1079  |Info:    |               Detecting HID devices                |
1079  |Info:    ------------------------------------------------------
1573  |Info:    Loading plugins
1810  |Info:    [K530] Registering RGB controller
1810  |Info:    ------------------------------------------------------
1810  |Info:    |              Detecting other devices               |
1810  |Info:    ------------------------------------------------------
1848  |Info:    ------------------------------------------------------
1848  |Info:    |                Detection completed                 |
1848  |Info:    ------------------------------------------------------
