    OpenRGB v0.7
    Commit:  from 
    Launched: 20220706_095155
====================================================================================================

1075  |Info:    ------------------------------------------------------
1075  |Info:    |               Start device detection               |
1075  |Info:    ------------------------------------------------------
1076  |Info:    Initializing HID interfaces: Success
1081  |Info:    ------------------------------------------------------
1081  |Info:    |             Detecting I2C interfaces               |
1081  |Info:    ------------------------------------------------------
1082  |Info:    Registering I2C interface: /dev/i2c-3 Device 8086:0416 Subsystem: 17AA:3801
1082  |Info:    Registering I2C interface: /dev/i2c-1 Device 8086:0416 Subsystem: 17AA:3801
1082  |Info:    Registering I2C interface: /dev/i2c-6 Device 8086:0416 Subsystem: 17AA:3801
1082  |Info:    Registering I2C interface: /dev/i2c-4 Device 8086:0416 Subsystem: 17AA:3801
1082  |Info:    Registering I2C interface: /dev/i2c-2 Device 8086:0416 Subsystem: 17AA:3801
1082  |Info:    Registering I2C interface: /dev/i2c-0 Device 8086:8C22 Subsystem: 17AA:3978
1083  |Info:    Registering I2C interface: /dev/i2c-7 Device 0000:0000 Subsystem: 0000:0000
1083  |Info:    Registering I2C interface: /dev/i2c-5 Device 8086:0416 Subsystem: 17AA:3801
1083  |Info:    ------------------------------------------------------
1083  |Info:    |               Detecting I2C devices                |
1083  |Info:    ------------------------------------------------------
1107  |Info:    ------------------------------------------------------
1107  |Info:    |               Detecting HID devices                |
1107  |Info:    ------------------------------------------------------
1215  |Info:    Loading plugins
1776  |Info:    [K530] Registering RGB controller
1776  |Info:    ------------------------------------------------------
1776  |Info:    |              Detecting other devices               |
1776  |Info:    ------------------------------------------------------
1788  |Info:    ------------------------------------------------------
1788  |Info:    |                Detection completed                 |
1788  |Info:    ------------------------------------------------------
