    OpenRGB v0.7
    Commit:  from 
    Launched: 20220828_034556
====================================================================================================

1043  |Info:    ------------------------------------------------------
1043  |Info:    |               Start device detection               |
1043  |Info:    ------------------------------------------------------
1044  |Info:    Initializing HID interfaces: Success
1044  |Info:    ------------------------------------------------------
1044  |Info:    |             Detecting I2C interfaces               |
1044  |Info:    ------------------------------------------------------
1044  |Info:    Registering I2C interface: /dev/i2c-3 Device 8086:0416 Subsystem: 17AA:3801
1044  |Info:    Registering I2C interface: /dev/i2c-1 Device 8086:0416 Subsystem: 17AA:3801
1044  |Info:    Registering I2C interface: /dev/i2c-6 Device 8086:0416 Subsystem: 17AA:3801
1044  |Info:    Registering I2C interface: /dev/i2c-4 Device 8086:0416 Subsystem: 17AA:3801
1044  |Info:    Registering I2C interface: /dev/i2c-2 Device 8086:0416 Subsystem: 17AA:3801
1044  |Info:    Registering I2C interface: /dev/i2c-0 Device 8086:8C22 Subsystem: 17AA:3978
1044  |Info:    Registering I2C interface: /dev/i2c-7 Device 0000:0000 Subsystem: 0000:0000
1045  |Info:    Registering I2C interface: /dev/i2c-5 Device 8086:0416 Subsystem: 17AA:3801
1045  |Info:    ------------------------------------------------------
1045  |Info:    |               Detecting I2C devices                |
1045  |Info:    ------------------------------------------------------
1076  |Info:    ------------------------------------------------------
1076  |Info:    |               Detecting HID devices                |
1076  |Info:    ------------------------------------------------------
1076  |Info:    ------------------------------------------------------
1076  |Info:    |              Detecting other devices               |
1076  |Info:    ------------------------------------------------------
1110  |Info:    ------------------------------------------------------
1110  |Info:    |                Detection completed                 |
1110  |Info:    ------------------------------------------------------
1181  |Info:    Loading plugins
