    OpenRGB v0.7
    Commit:  from 
    Launched: 20220906_105445
====================================================================================================

1107  |Info:    ------------------------------------------------------
1107  |Info:    |               Start device detection               |
1107  |Info:    ------------------------------------------------------
1107  |Info:    Initializing HID interfaces: Success
1115  |Info:    ------------------------------------------------------
1115  |Info:    |             Detecting I2C interfaces               |
1115  |Info:    ------------------------------------------------------
1115  |Info:    Registering I2C interface: /dev/i2c-3 Device 8086:0416 Subsystem: 17AA:3801
1115  |Info:    Registering I2C interface: /dev/i2c-1 Device 8086:0416 Subsystem: 17AA:3801
1115  |Info:    Registering I2C interface: /dev/i2c-6 Device 8086:0416 Subsystem: 17AA:3801
1115  |Info:    Registering I2C interface: /dev/i2c-4 Device 8086:0416 Subsystem: 17AA:3801
1116  |Info:    Registering I2C interface: /dev/i2c-2 Device 8086:0416 Subsystem: 17AA:3801
1116  |Info:    Registering I2C interface: /dev/i2c-0 Device 8086:8C22 Subsystem: 17AA:3978
1116  |Info:    Registering I2C interface: /dev/i2c-7 Device 0000:0000 Subsystem: 0000:0000
1116  |Info:    Registering I2C interface: /dev/i2c-5 Device 8086:0416 Subsystem: 17AA:3801
1116  |Info:    ------------------------------------------------------
1116  |Info:    |               Detecting I2C devices                |
1116  |Info:    ------------------------------------------------------
1159  |Info:    ------------------------------------------------------
1159  |Info:    |               Detecting HID devices                |
1159  |Info:    ------------------------------------------------------
1341  |Info:    Loading plugins
1828  |Info:    [K530] Registering RGB controller
1828  |Info:    ------------------------------------------------------
1828  |Info:    |              Detecting other devices               |
1828  |Info:    ------------------------------------------------------
1844  |Info:    ------------------------------------------------------
1844  |Info:    |                Detection completed                 |
1844  |Info:    ------------------------------------------------------
