    OpenRGB v0.7
    Commit:  from 
    Launched: 20220922_221452
====================================================================================================

1046  |Info:    ------------------------------------------------------
1046  |Info:    |               Start device detection               |
1046  |Info:    ------------------------------------------------------
1047  |Info:    Initializing HID interfaces: Success
1047  |Info:    ------------------------------------------------------
1047  |Info:    |             Detecting I2C interfaces               |
1047  |Info:    ------------------------------------------------------
1047  |Info:    Registering I2C interface: /dev/i2c-3 Device 8086:0416 Subsystem: 17AA:3801
1047  |Info:    Registering I2C interface: /dev/i2c-1 Device 8086:0416 Subsystem: 17AA:3801
1047  |Info:    Registering I2C interface: /dev/i2c-6 Device 8086:0416 Subsystem: 17AA:3801
1047  |Info:    Registering I2C interface: /dev/i2c-4 Device 8086:0416 Subsystem: 17AA:3801
1047  |Info:    Registering I2C interface: /dev/i2c-2 Device 8086:0416 Subsystem: 17AA:3801
1047  |Info:    Registering I2C interface: /dev/i2c-0 Device 8086:8C22 Subsystem: 17AA:3978
1048  |Info:    Registering I2C interface: /dev/i2c-7 Device 0000:0000 Subsystem: 0000:0000
1048  |Info:    Registering I2C interface: /dev/i2c-5 Device 8086:0416 Subsystem: 17AA:3801
1048  |Info:    ------------------------------------------------------
1048  |Info:    |               Detecting I2C devices                |
1048  |Info:    ------------------------------------------------------
1068  |Info:    ------------------------------------------------------
1068  |Info:    |               Detecting HID devices                |
1068  |Info:    ------------------------------------------------------
1068  |Info:    ------------------------------------------------------
1068  |Info:    |              Detecting other devices               |
1068  |Info:    ------------------------------------------------------
1075  |Info:    ------------------------------------------------------
1075  |Info:    |                Detection completed                 |
1075  |Info:    ------------------------------------------------------
3948  |Info:    Loading plugins
