    OpenRGB v0.7
    Commit:  from 
    Launched: 20220927_201627
====================================================================================================

1032  |Info:    ------------------------------------------------------
1032  |Info:    |               Start device detection               |
1032  |Info:    ------------------------------------------------------
1032  |Info:    Initializing HID interfaces: Success
1041  |Info:    ------------------------------------------------------
1041  |Info:    |             Detecting I2C interfaces               |
1041  |Info:    ------------------------------------------------------
1041  |Info:    Registering I2C interface: /dev/i2c-3 Device 8086:0416 Subsystem: 17AA:3801
1041  |Info:    Registering I2C interface: /dev/i2c-1 Device 8086:0416 Subsystem: 17AA:3801
1041  |Info:    Registering I2C interface: /dev/i2c-6 Device 8086:0416 Subsystem: 17AA:3801
1042  |Info:    Registering I2C interface: /dev/i2c-4 Device 8086:0416 Subsystem: 17AA:3801
1042  |Info:    Registering I2C interface: /dev/i2c-2 Device 8086:0416 Subsystem: 17AA:3801
1042  |Info:    Registering I2C interface: /dev/i2c-0 Device 8086:8C22 Subsystem: 17AA:3978
1042  |Info:    Registering I2C interface: /dev/i2c-7 Device 0000:0000 Subsystem: 0000:0000
1042  |Info:    Registering I2C interface: /dev/i2c-5 Device 8086:0416 Subsystem: 17AA:3801
1042  |Info:    ------------------------------------------------------
1042  |Info:    |               Detecting I2C devices                |
1042  |Info:    ------------------------------------------------------
1050  |Info:    ------------------------------------------------------
1050  |Info:    |               Detecting HID devices                |
1050  |Info:    ------------------------------------------------------
1721  |Info:    [K530] Registering RGB controller
1722  |Info:    ------------------------------------------------------
1722  |Info:    |              Detecting other devices               |
1722  |Info:    ------------------------------------------------------
1729  |Info:    ------------------------------------------------------
1729  |Info:    |                Detection completed                 |
1729  |Info:    ------------------------------------------------------
5136  |Info:    Loading plugins
