    OpenRGB v0.7
    Commit:  from 
    Launched: 20220606_115055
====================================================================================================

1001  |Info:    ------------------------------------------------------
1001  |Info:    |               Start device detection               |
1001  |Info:    ------------------------------------------------------
1001  |Info:    Initializing HID interfaces: Success
1008  |Info:    ------------------------------------------------------
1008  |Info:    |             Detecting I2C interfaces               |
1008  |Info:    ------------------------------------------------------
1009  |Info:    Registering I2C interface: /dev/i2c-3 Device 8086:0416 Subsystem: 17AA:3801
1009  |Info:    Registering I2C interface: /dev/i2c-1 Device 8086:0416 Subsystem: 17AA:3801
1009  |Info:    Registering I2C interface: /dev/i2c-6 Device 8086:0416 Subsystem: 17AA:3801
1010  |Info:    Registering I2C interface: /dev/i2c-4 Device 8086:0416 Subsystem: 17AA:3801
1010  |Info:    Registering I2C interface: /dev/i2c-2 Device 8086:0416 Subsystem: 17AA:3801
1010  |Info:    Registering I2C interface: /dev/i2c-0 Device 8086:8C22 Subsystem: 17AA:3978
1010  |Info:    Registering I2C interface: /dev/i2c-7 Device 0000:0000 Subsystem: 0000:0000
1011  |Info:    Registering I2C interface: /dev/i2c-5 Device 8086:0416 Subsystem: 17AA:3801
1011  |Info:    ------------------------------------------------------
1011  |Info:    |               Detecting I2C devices                |
1011  |Info:    ------------------------------------------------------
1015  |Info:    ------------------------------------------------------
1015  |Info:    |               Detecting HID devices                |
1015  |Info:    ------------------------------------------------------
1139  |Info:    Loading plugins
1687  |Info:    [K530] Registering RGB controller
1687  |Info:    ------------------------------------------------------
1687  |Info:    |              Detecting other devices               |
1687  |Info:    ------------------------------------------------------
1698  |Info:    ------------------------------------------------------
1698  |Info:    |                Detection completed                 |
1698  |Info:    ------------------------------------------------------
12637429|Info:    ------------------------------------------------------
12637430|Info:    |               Start device detection               |
12637430|Info:    ------------------------------------------------------
12637430|Info:    Initializing HID interfaces: Success
12637436|Info:    ------------------------------------------------------
12637436|Info:    |             Detecting I2C interfaces               |
12637436|Info:    ------------------------------------------------------
12637437|Info:    Registering I2C interface: /dev/i2c-3 Device 8086:0416 Subsystem: 17AA:3801
12637437|Info:    Registering I2C interface: /dev/i2c-1 Device 8086:0416 Subsystem: 17AA:3801
12637437|Info:    Registering I2C interface: /dev/i2c-6 Device 8086:0416 Subsystem: 17AA:3801
12637437|Info:    Registering I2C interface: /dev/i2c-4 Device 8086:0416 Subsystem: 17AA:3801
12637437|Info:    Registering I2C interface: /dev/i2c-2 Device 8086:0416 Subsystem: 17AA:3801
12637437|Info:    Registering I2C interface: /dev/i2c-0 Device 8086:8C22 Subsystem: 17AA:3978
12637437|Info:    Registering I2C interface: /dev/i2c-7 Device 0000:0000 Subsystem: 0000:0000
12637437|Info:    Registering I2C interface: /dev/i2c-5 Device 8086:0416 Subsystem: 17AA:3801
12637437|Info:    ------------------------------------------------------
12637437|Info:    |               Detecting I2C devices                |
12637437|Info:    ------------------------------------------------------
12637446|Info:    ------------------------------------------------------
12637446|Info:    |               Detecting HID devices                |
12637446|Info:    ------------------------------------------------------
12637913|Info:    [K530] Registering RGB controller
12637913|Info:    ------------------------------------------------------
12637913|Info:    |              Detecting other devices               |
12637913|Info:    ------------------------------------------------------
12637916|Info:    ------------------------------------------------------
12637916|Info:    |                Detection completed                 |
12637916|Info:    ------------------------------------------------------
