    OpenRGB v0.7
    Commit:  from 
    Launched: 20220829_100535
====================================================================================================

1040  |Info:    ------------------------------------------------------
1040  |Info:    |               Start device detection               |
1040  |Info:    ------------------------------------------------------
1041  |Info:    Initializing HID interfaces: Success
1050  |Info:    ------------------------------------------------------
1050  |Info:    |             Detecting I2C interfaces               |
1050  |Info:    ------------------------------------------------------
1051  |Info:    Registering I2C interface: /dev/i2c-3 Device 8086:0416 Subsystem: 17AA:3801
1051  |Info:    Registering I2C interface: /dev/i2c-1 Device 8086:0416 Subsystem: 17AA:3801
1051  |Info:    Registering I2C interface: /dev/i2c-6 Device 8086:0416 Subsystem: 17AA:3801
1051  |Info:    Registering I2C interface: /dev/i2c-4 Device 8086:0416 Subsystem: 17AA:3801
1052  |Info:    Registering I2C interface: /dev/i2c-2 Device 8086:0416 Subsystem: 17AA:3801
1052  |Info:    Registering I2C interface: /dev/i2c-0 Device 8086:8C22 Subsystem: 17AA:3978
1052  |Info:    Registering I2C interface: /dev/i2c-7 Device 0000:0000 Subsystem: 0000:0000
1052  |Info:    Registering I2C interface: /dev/i2c-5 Device 8086:0416 Subsystem: 17AA:3801
1052  |Info:    ------------------------------------------------------
1052  |Info:    |               Detecting I2C devices                |
1052  |Info:    ------------------------------------------------------
1066  |Info:    ------------------------------------------------------
1066  |Info:    |               Detecting HID devices                |
1066  |Info:    ------------------------------------------------------
1218  |Info:    Loading plugins
1734  |Info:    [K530] Registering RGB controller
1734  |Info:    ------------------------------------------------------
1734  |Info:    |              Detecting other devices               |
1734  |Info:    ------------------------------------------------------
1752  |Info:    ------------------------------------------------------
1752  |Info:    |                Detection completed                 |
1752  |Info:    ------------------------------------------------------
