    OpenRGB v0.7
    Commit:  from 
    Launched: 20220824_142902
====================================================================================================

1100  |Info:    ------------------------------------------------------
1100  |Info:    |               Start device detection               |
1100  |Info:    ------------------------------------------------------
1101  |Info:    Initializing HID interfaces: Success
1107  |Info:    ------------------------------------------------------
1107  |Info:    |             Detecting I2C interfaces               |
1107  |Info:    ------------------------------------------------------
1107  |Info:    Registering I2C interface: /dev/i2c-3 Device 8086:0416 Subsystem: 17AA:3801
1108  |Info:    Registering I2C interface: /dev/i2c-1 Device 8086:0416 Subsystem: 17AA:3801
1108  |Info:    Registering I2C interface: /dev/i2c-6 Device 8086:0416 Subsystem: 17AA:3801
1167  |Info:    Registering I2C interface: /dev/i2c-4 Device 8086:0416 Subsystem: 17AA:3801
1167  |Info:    Registering I2C interface: /dev/i2c-2 Device 8086:0416 Subsystem: 17AA:3801
1168  |Info:    Registering I2C interface: /dev/i2c-0 Device 8086:8C22 Subsystem: 17AA:3978
1168  |Info:    Registering I2C interface: /dev/i2c-7 Device 0000:0000 Subsystem: 0000:0000
1168  |Info:    Registering I2C interface: /dev/i2c-5 Device 8086:0416 Subsystem: 17AA:3801
1168  |Info:    ------------------------------------------------------
1168  |Info:    |               Detecting I2C devices                |
1168  |Info:    ------------------------------------------------------
1258  |Info:    Loading plugins
1397  |Info:    ------------------------------------------------------
1397  |Info:    |               Detecting HID devices                |
1397  |Info:    ------------------------------------------------------
2068  |Info:    [K530] Registering RGB controller
2068  |Info:    ------------------------------------------------------
2068  |Info:    |              Detecting other devices               |
2068  |Info:    ------------------------------------------------------
2082  |Info:    ------------------------------------------------------
2082  |Info:    |                Detection completed                 |
2082  |Info:    ------------------------------------------------------
