    OpenRGB v0.7
    Commit:  from 
    Launched: 20220614_111104
====================================================================================================

1051  |Info:    ------------------------------------------------------
1051  |Info:    |               Start device detection               |
1051  |Info:    ------------------------------------------------------
1051  |Info:    Initializing HID interfaces: Success
1058  |Info:    ------------------------------------------------------
1058  |Info:    |             Detecting I2C interfaces               |
1058  |Info:    ------------------------------------------------------
1060  |Info:    Registering I2C interface: /dev/i2c-3 Device 8086:0416 Subsystem: 17AA:3801
1060  |Info:    Registering I2C interface: /dev/i2c-1 Device 8086:0416 Subsystem: 17AA:3801
1060  |Info:    Registering I2C interface: /dev/i2c-6 Device 8086:0416 Subsystem: 17AA:3801
1060  |Info:    Registering I2C interface: /dev/i2c-4 Device 8086:0416 Subsystem: 17AA:3801
1060  |Info:    Registering I2C interface: /dev/i2c-2 Device 8086:0416 Subsystem: 17AA:3801
1060  |Info:    Registering I2C interface: /dev/i2c-0 Device 8086:8C22 Subsystem: 17AA:3978
1060  |Info:    Registering I2C interface: /dev/i2c-7 Device 0000:0000 Subsystem: 0000:0000
1060  |Info:    Registering I2C interface: /dev/i2c-5 Device 8086:0416 Subsystem: 17AA:3801
1060  |Info:    ------------------------------------------------------
1060  |Info:    |               Detecting I2C devices                |
1060  |Info:    ------------------------------------------------------
1101  |Info:    ------------------------------------------------------
1101  |Info:    |               Detecting HID devices                |
1101  |Info:    ------------------------------------------------------
1226  |Info:    Loading plugins
1770  |Info:    [K530] Registering RGB controller
1770  |Info:    ------------------------------------------------------
1770  |Info:    |              Detecting other devices               |
1770  |Info:    ------------------------------------------------------
1782  |Info:    ------------------------------------------------------
1782  |Info:    |                Detection completed                 |
1782  |Info:    ------------------------------------------------------
