    OpenRGB v0.7
    Commit:  from 
    Launched: 20220731_102248
====================================================================================================

1067  |Info:    ------------------------------------------------------
1067  |Info:    |               Start device detection               |
1067  |Info:    ------------------------------------------------------
1067  |Info:    Initializing HID interfaces: Success
1080  |Info:    ------------------------------------------------------
1080  |Info:    |             Detecting I2C interfaces               |
1080  |Info:    ------------------------------------------------------
1080  |Info:    Registering I2C interface: /dev/i2c-3 Device 8086:0416 Subsystem: 17AA:3801
1080  |Info:    Registering I2C interface: /dev/i2c-1 Device 8086:0416 Subsystem: 17AA:3801
1081  |Info:    Registering I2C interface: /dev/i2c-6 Device 8086:0416 Subsystem: 17AA:3801
1081  |Info:    Registering I2C interface: /dev/i2c-4 Device 8086:0416 Subsystem: 17AA:3801
1081  |Info:    Registering I2C interface: /dev/i2c-2 Device 8086:0416 Subsystem: 17AA:3801
1081  |Info:    Registering I2C interface: /dev/i2c-0 Device 8086:8C22 Subsystem: 17AA:3978
1081  |Info:    Registering I2C interface: /dev/i2c-7 Device 0000:0000 Subsystem: 0000:0000
1081  |Info:    Registering I2C interface: /dev/i2c-5 Device 8086:0416 Subsystem: 17AA:3801
1081  |Info:    ------------------------------------------------------
1081  |Info:    |               Detecting I2C devices                |
1081  |Info:    ------------------------------------------------------
1117  |Info:    ------------------------------------------------------
1117  |Info:    |               Detecting HID devices                |
1117  |Info:    ------------------------------------------------------
1456  |Info:    Loading plugins
1785  |Info:    [K530] Registering RGB controller
1785  |Info:    ------------------------------------------------------
1785  |Info:    |              Detecting other devices               |
1785  |Info:    ------------------------------------------------------
1804  |Info:    ------------------------------------------------------
1804  |Info:    |                Detection completed                 |
1804  |Info:    ------------------------------------------------------
