    OpenRGB v0.7
    Commit:  from 
    Launched: 20220609_050233
====================================================================================================

1024  |Info:    ------------------------------------------------------
1024  |Info:    |               Start device detection               |
1024  |Info:    ------------------------------------------------------
1024  |Info:    Initializing HID interfaces: Success
1027  |Info:    ------------------------------------------------------
1027  |Info:    |             Detecting I2C interfaces               |
1027  |Info:    ------------------------------------------------------
1027  |Info:    Registering I2C interface: /dev/i2c-3 Device 8086:0416 Subsystem: 17AA:3801
1027  |Info:    Registering I2C interface: /dev/i2c-1 Device 8086:0416 Subsystem: 17AA:3801
1028  |Info:    Registering I2C interface: /dev/i2c-6 Device 8086:0416 Subsystem: 17AA:3801
1028  |Info:    Registering I2C interface: /dev/i2c-4 Device 8086:0416 Subsystem: 17AA:3801
1028  |Info:    Registering I2C interface: /dev/i2c-2 Device 8086:0416 Subsystem: 17AA:3801
1028  |Info:    Registering I2C interface: /dev/i2c-0 Device 8086:8C22 Subsystem: 17AA:3978
1028  |Info:    Registering I2C interface: /dev/i2c-7 Device 0000:0000 Subsystem: 0000:0000
1028  |Info:    Registering I2C interface: /dev/i2c-5 Device 8086:0416 Subsystem: 17AA:3801
1028  |Info:    ------------------------------------------------------
1028  |Info:    |               Detecting I2C devices                |
1028  |Info:    ------------------------------------------------------
1036  |Info:    ------------------------------------------------------
1036  |Info:    |               Detecting HID devices                |
1036  |Info:    ------------------------------------------------------
1702  |Info:    [K530] Registering RGB controller
1702  |Info:    ------------------------------------------------------
1702  |Info:    |              Detecting other devices               |
1702  |Info:    ------------------------------------------------------
1711  |Info:    ------------------------------------------------------
1711  |Info:    |                Detection completed                 |
1711  |Info:    ------------------------------------------------------
