    OpenRGB v0.7
    Commit:  from 
    Launched: 20220604_194549
====================================================================================================

1021  |Info:    ------------------------------------------------------
1021  |Info:    |               Start device detection               |
1021  |Info:    ------------------------------------------------------
1021  |Info:    Initializing HID interfaces: Success
1034  |Info:    ------------------------------------------------------
1034  |Info:    |             Detecting I2C interfaces               |
1034  |Info:    ------------------------------------------------------
1035  |Info:    Registering I2C interface: /dev/i2c-3 Device 8086:0416 Subsystem: 17AA:3801
1035  |Info:    Registering I2C interface: /dev/i2c-1 Device 8086:0416 Subsystem: 17AA:3801
1036  |Info:    Registering I2C interface: /dev/i2c-6 Device 8086:0416 Subsystem: 17AA:3801
1036  |Info:    Registering I2C interface: /dev/i2c-4 Device 8086:0416 Subsystem: 17AA:3801
1036  |Info:    Registering I2C interface: /dev/i2c-2 Device 8086:0416 Subsystem: 17AA:3801
1036  |Info:    Registering I2C interface: /dev/i2c-0 Device 8086:8C22 Subsystem: 17AA:3978
1037  |Info:    Registering I2C interface: /dev/i2c-7 Device 0000:0000 Subsystem: 0000:0000
1037  |Info:    Registering I2C interface: /dev/i2c-5 Device 8086:0416 Subsystem: 17AA:3801
1037  |Info:    ------------------------------------------------------
1037  |Info:    |               Detecting I2C devices                |
1037  |Info:    ------------------------------------------------------
1046  |Info:    ------------------------------------------------------
1046  |Info:    |               Detecting HID devices                |
1046  |Info:    ------------------------------------------------------
1240  |Info:    Loading plugins
1733  |Info:    [K530] Registering RGB controller
1733  |Info:    ------------------------------------------------------
1733  |Info:    |              Detecting other devices               |
1733  |Info:    ------------------------------------------------------
1751  |Info:    ------------------------------------------------------
1751  |Info:    |                Detection completed                 |
1751  |Info:    ------------------------------------------------------
702348|Info:    ------------------------------------------------------
702348|Info:    |               Start device detection               |
702348|Info:    ------------------------------------------------------
702348|Info:    Initializing HID interfaces: Success
702352|Info:    ------------------------------------------------------
702352|Info:    |             Detecting I2C interfaces               |
702352|Info:    ------------------------------------------------------
702352|Info:    Registering I2C interface: /dev/i2c-3 Device 8086:0416 Subsystem: 17AA:3801
702352|Info:    Registering I2C interface: /dev/i2c-1 Device 8086:0416 Subsystem: 17AA:3801
702352|Info:    Registering I2C interface: /dev/i2c-6 Device 8086:0416 Subsystem: 17AA:3801
702352|Info:    Registering I2C interface: /dev/i2c-4 Device 8086:0416 Subsystem: 17AA:3801
702353|Info:    Registering I2C interface: /dev/i2c-2 Device 8086:0416 Subsystem: 17AA:3801
702353|Info:    Registering I2C interface: /dev/i2c-0 Device 8086:8C22 Subsystem: 17AA:3978
702353|Info:    Registering I2C interface: /dev/i2c-7 Device 0000:0000 Subsystem: 0000:0000
702353|Info:    Registering I2C interface: /dev/i2c-5 Device 8086:0416 Subsystem: 17AA:3801
702353|Info:    ------------------------------------------------------
702353|Info:    |               Detecting I2C devices                |
702353|Info:    ------------------------------------------------------
702358|Info:    ------------------------------------------------------
702358|Info:    |               Detecting HID devices                |
702358|Info:    ------------------------------------------------------
702824|Info:    [K530] Registering RGB controller
702824|Info:    ------------------------------------------------------
702824|Info:    |              Detecting other devices               |
702824|Info:    ------------------------------------------------------
702825|Info:    ------------------------------------------------------
702825|Info:    |                Detection completed                 |
702825|Info:    ------------------------------------------------------
