    OpenRGB v0.7
    Commit:  from 
    Launched: 20220924_205337
====================================================================================================

1036  |Info:    ------------------------------------------------------
1036  |Info:    |               Start device detection               |
1036  |Info:    ------------------------------------------------------
1036  |Info:    Initializing HID interfaces: Success
1036  |Info:    ------------------------------------------------------
1036  |Info:    |             Detecting I2C interfaces               |
1036  |Info:    ------------------------------------------------------
1036  |Info:    Registering I2C interface: /dev/i2c-3 Device 8086:0416 Subsystem: 17AA:3801
1036  |Info:    Registering I2C interface: /dev/i2c-1 Device 8086:0416 Subsystem: 17AA:3801
1037  |Info:    Registering I2C interface: /dev/i2c-6 Device 8086:0416 Subsystem: 17AA:3801
1037  |Info:    Registering I2C interface: /dev/i2c-4 Device 8086:0416 Subsystem: 17AA:3801
1037  |Info:    Registering I2C interface: /dev/i2c-2 Device 8086:0416 Subsystem: 17AA:3801
1037  |Info:    Registering I2C interface: /dev/i2c-0 Device 8086:8C22 Subsystem: 17AA:3978
1037  |Info:    Registering I2C interface: /dev/i2c-7 Device 0000:0000 Subsystem: 0000:0000
1037  |Info:    Registering I2C interface: /dev/i2c-5 Device 8086:0416 Subsystem: 17AA:3801
1037  |Info:    ------------------------------------------------------
1037  |Info:    |               Detecting I2C devices                |
1037  |Info:    ------------------------------------------------------
1057  |Info:    ------------------------------------------------------
1057  |Info:    |               Detecting HID devices                |
1057  |Info:    ------------------------------------------------------
1057  |Info:    ------------------------------------------------------
1057  |Info:    |              Detecting other devices               |
1057  |Info:    ------------------------------------------------------
1063  |Info:    ------------------------------------------------------
1064  |Info:    |                Detection completed                 |
1064  |Info:    ------------------------------------------------------
4001  |Info:    Loading plugins
