    OpenRGB v0.7
    Commit:  from 
    Launched: 20220717_062922
====================================================================================================

1064  |Info:    ------------------------------------------------------
1064  |Info:    |               Start device detection               |
1064  |Info:    ------------------------------------------------------
1064  |Info:    Initializing HID interfaces: Success
1064  |Info:    ------------------------------------------------------
1064  |Info:    |             Detecting I2C interfaces               |
1064  |Info:    ------------------------------------------------------
1065  |Info:    Registering I2C interface: /dev/i2c-3 Device 8086:0416 Subsystem: 17AA:3801
1065  |Info:    Registering I2C interface: /dev/i2c-1 Device 8086:0416 Subsystem: 17AA:3801
1065  |Info:    Registering I2C interface: /dev/i2c-6 Device 8086:0416 Subsystem: 17AA:3801
1065  |Info:    Registering I2C interface: /dev/i2c-4 Device 8086:0416 Subsystem: 17AA:3801
1065  |Info:    Registering I2C interface: /dev/i2c-2 Device 8086:0416 Subsystem: 17AA:3801
1065  |Info:    Registering I2C interface: /dev/i2c-0 Device 8086:8C22 Subsystem: 17AA:3978
1065  |Info:    Registering I2C interface: /dev/i2c-7 Device 0000:0000 Subsystem: 0000:0000
1065  |Info:    Registering I2C interface: /dev/i2c-5 Device 8086:0416 Subsystem: 17AA:3801
1065  |Info:    ------------------------------------------------------
1065  |Info:    |               Detecting I2C devices                |
1065  |Info:    ------------------------------------------------------
1081  |Info:    ------------------------------------------------------
1081  |Info:    |               Detecting HID devices                |
1081  |Info:    ------------------------------------------------------
1081  |Info:    ------------------------------------------------------
1081  |Info:    |              Detecting other devices               |
1081  |Info:    ------------------------------------------------------
1088  |Info:    ------------------------------------------------------
1088  |Info:    |                Detection completed                 |
1088  |Info:    ------------------------------------------------------
1233  |Info:    Loading plugins
