    OpenRGB v0.7
    Commit:  from 
    Launched: 20220905_215834
====================================================================================================

1093  |Info:    ------------------------------------------------------
1093  |Info:    |               Start device detection               |
1093  |Info:    ------------------------------------------------------
1093  |Info:    Initializing HID interfaces: Success
1099  |Info:    ------------------------------------------------------
1102  |Info:    |             Detecting I2C interfaces               |
1102  |Info:    ------------------------------------------------------
1103  |Info:    Registering I2C interface: /dev/i2c-3 Device 8086:0416 Subsystem: 17AA:3801
1103  |Info:    Registering I2C interface: /dev/i2c-1 Device 8086:0416 Subsystem: 17AA:3801
1103  |Info:    Registering I2C interface: /dev/i2c-6 Device 8086:0416 Subsystem: 17AA:3801
1103  |Info:    Registering I2C interface: /dev/i2c-4 Device 8086:0416 Subsystem: 17AA:3801
1103  |Info:    Registering I2C interface: /dev/i2c-2 Device 8086:0416 Subsystem: 17AA:3801
1104  |Info:    Registering I2C interface: /dev/i2c-0 Device 8086:8C22 Subsystem: 17AA:3978
1105  |Info:    Registering I2C interface: /dev/i2c-7 Device 0000:0000 Subsystem: 0000:0000
1105  |Info:    Registering I2C interface: /dev/i2c-5 Device 8086:0416 Subsystem: 17AA:3801
1105  |Info:    ------------------------------------------------------
1105  |Info:    |               Detecting I2C devices                |
1105  |Info:    ------------------------------------------------------
1134  |Info:    ------------------------------------------------------
1134  |Info:    |               Detecting HID devices                |
1134  |Info:    ------------------------------------------------------
1345  |Info:    Loading plugins
1835  |Info:    [K530] Registering RGB controller
1835  |Info:    ------------------------------------------------------
1835  |Info:    |              Detecting other devices               |
1835  |Info:    ------------------------------------------------------
1848  |Info:    ------------------------------------------------------
1848  |Info:    |                Detection completed                 |
1848  |Info:    ------------------------------------------------------
