    OpenRGB v0.7
    Commit:  from 
    Launched: 20220719_061412
====================================================================================================

1077  |Info:    ------------------------------------------------------
1077  |Info:    |               Start device detection               |
1077  |Info:    ------------------------------------------------------
1077  |Info:    Initializing HID interfaces: Success
1077  |Info:    ------------------------------------------------------
1077  |Info:    |             Detecting I2C interfaces               |
1077  |Info:    ------------------------------------------------------
1078  |Info:    Registering I2C interface: /dev/i2c-3 Device 8086:0416 Subsystem: 17AA:3801
1078  |Info:    Registering I2C interface: /dev/i2c-1 Device 8086:0416 Subsystem: 17AA:3801
1078  |Info:    Registering I2C interface: /dev/i2c-6 Device 8086:0416 Subsystem: 17AA:3801
1078  |Info:    Registering I2C interface: /dev/i2c-4 Device 8086:0416 Subsystem: 17AA:3801
1078  |Info:    Registering I2C interface: /dev/i2c-2 Device 8086:0416 Subsystem: 17AA:3801
1078  |Info:    Registering I2C interface: /dev/i2c-0 Device 8086:8C22 Subsystem: 17AA:3978
1078  |Info:    Registering I2C interface: /dev/i2c-7 Device 0000:0000 Subsystem: 0000:0000
1078  |Info:    Registering I2C interface: /dev/i2c-5 Device 8086:0416 Subsystem: 17AA:3801
1078  |Info:    ------------------------------------------------------
1078  |Info:    |               Detecting I2C devices                |
1078  |Info:    ------------------------------------------------------
1092  |Info:    ------------------------------------------------------
1092  |Info:    |               Detecting HID devices                |
1092  |Info:    ------------------------------------------------------
1092  |Info:    ------------------------------------------------------
1092  |Info:    |              Detecting other devices               |
1092  |Info:    ------------------------------------------------------
1156  |Info:    ------------------------------------------------------
1156  |Info:    |                Detection completed                 |
1156  |Info:    ------------------------------------------------------
1247  |Info:    Loading plugins
