    OpenRGB v0.7
    Commit:  from 
    Launched: 20220701_034903
====================================================================================================

1079  |Info:    ------------------------------------------------------
1079  |Info:    |               Start device detection               |
1079  |Info:    ------------------------------------------------------
1079  |Info:    Initializing HID interfaces: Success
1087  |Info:    ------------------------------------------------------
1087  |Info:    |             Detecting I2C interfaces               |
1087  |Info:    ------------------------------------------------------
1089  |Info:    Registering I2C interface: /dev/i2c-3 Device 8086:0416 Subsystem: 17AA:3801
1089  |Info:    Registering I2C interface: /dev/i2c-1 Device 8086:0416 Subsystem: 17AA:3801
1089  |Info:    Registering I2C interface: /dev/i2c-6 Device 8086:0416 Subsystem: 17AA:3801
1089  |Info:    Registering I2C interface: /dev/i2c-4 Device 8086:0416 Subsystem: 17AA:3801
1089  |Info:    Registering I2C interface: /dev/i2c-2 Device 8086:0416 Subsystem: 17AA:3801
1089  |Info:    Registering I2C interface: /dev/i2c-0 Device 8086:8C22 Subsystem: 17AA:3978
1090  |Info:    Registering I2C interface: /dev/i2c-7 Device 0000:0000 Subsystem: 0000:0000
1090  |Info:    Registering I2C interface: /dev/i2c-5 Device 8086:0416 Subsystem: 17AA:3801
1090  |Info:    ------------------------------------------------------
1090  |Info:    |               Detecting I2C devices                |
1090  |Info:    ------------------------------------------------------
1118  |Info:    ------------------------------------------------------
1118  |Info:    |               Detecting HID devices                |
1118  |Info:    ------------------------------------------------------
1245  |Info:    Loading plugins
1785  |Info:    [K530] Registering RGB controller
1785  |Info:    ------------------------------------------------------
1785  |Info:    |              Detecting other devices               |
1785  |Info:    ------------------------------------------------------
1798  |Info:    ------------------------------------------------------
1798  |Info:    |                Detection completed                 |
1798  |Info:    ------------------------------------------------------
