    OpenRGB v0.7
    Commit:  from 
    Launched: 20220923_181039
====================================================================================================

1117  |Info:    ------------------------------------------------------
1117  |Info:    |               Start device detection               |
1117  |Info:    ------------------------------------------------------
1117  |Info:    Initializing HID interfaces: Success
1123  |Info:    ------------------------------------------------------
1123  |Info:    |             Detecting I2C interfaces               |
1123  |Info:    ------------------------------------------------------
1126  |Info:    Registering I2C interface: /dev/i2c-3 Device 8086:0416 Subsystem: 17AA:3801
1126  |Info:    Registering I2C interface: /dev/i2c-1 Device 8086:0416 Subsystem: 17AA:3801
1126  |Info:    Registering I2C interface: /dev/i2c-6 Device 8086:0416 Subsystem: 17AA:3801
1127  |Info:    Registering I2C interface: /dev/i2c-4 Device 8086:0416 Subsystem: 17AA:3801
1127  |Info:    Registering I2C interface: /dev/i2c-2 Device 8086:0416 Subsystem: 17AA:3801
1127  |Info:    Registering I2C interface: /dev/i2c-0 Device 8086:8C22 Subsystem: 17AA:3978
1127  |Info:    Registering I2C interface: /dev/i2c-7 Device 0000:0000 Subsystem: 0000:0000
1127  |Info:    Registering I2C interface: /dev/i2c-5 Device 8086:0416 Subsystem: 17AA:3801
1127  |Info:    ------------------------------------------------------
1127  |Info:    |               Detecting I2C devices                |
1127  |Info:    ------------------------------------------------------
1138  |Info:    ------------------------------------------------------
1138  |Info:    |               Detecting HID devices                |
1138  |Info:    ------------------------------------------------------
1798  |Info:    [K530] Registering RGB controller
1799  |Info:    ------------------------------------------------------
1799  |Info:    |              Detecting other devices               |
1799  |Info:    ------------------------------------------------------
1807  |Info:    ------------------------------------------------------
1807  |Info:    |                Detection completed                 |
1807  |Info:    ------------------------------------------------------
9985  |Info:    Loading plugins
