    OpenRGB v0.7
    Commit:  from 
    Launched: 20220702_095853
====================================================================================================

1035  |Info:    ------------------------------------------------------
1035  |Info:    |               Start device detection               |
1035  |Info:    ------------------------------------------------------
1035  |Info:    Initializing HID interfaces: Success
1045  |Info:    ------------------------------------------------------
1047  |Info:    |             Detecting I2C interfaces               |
1047  |Info:    ------------------------------------------------------
1048  |Info:    Registering I2C interface: /dev/i2c-3 Device 8086:0416 Subsystem: 17AA:3801
1048  |Info:    Registering I2C interface: /dev/i2c-1 Device 8086:0416 Subsystem: 17AA:3801
1048  |Info:    Registering I2C interface: /dev/i2c-6 Device 8086:0416 Subsystem: 17AA:3801
1049  |Info:    Registering I2C interface: /dev/i2c-4 Device 8086:0416 Subsystem: 17AA:3801
1049  |Info:    Registering I2C interface: /dev/i2c-2 Device 8086:0416 Subsystem: 17AA:3801
1049  |Info:    Registering I2C interface: /dev/i2c-0 Device 8086:8C22 Subsystem: 17AA:3978
1049  |Info:    Registering I2C interface: /dev/i2c-7 Device 0000:0000 Subsystem: 0000:0000
1049  |Info:    Registering I2C interface: /dev/i2c-5 Device 8086:0416 Subsystem: 17AA:3801
1049  |Info:    ------------------------------------------------------
1049  |Info:    |               Detecting I2C devices                |
1049  |Info:    ------------------------------------------------------
1066  |Info:    ------------------------------------------------------
1066  |Info:    |               Detecting HID devices                |
1067  |Info:    ------------------------------------------------------
1292  |Info:    Loading plugins
1789  |Info:    [K530] Registering RGB controller
1790  |Info:    ------------------------------------------------------
1790  |Info:    |              Detecting other devices               |
1790  |Info:    ------------------------------------------------------
1853  |Info:    ------------------------------------------------------
1853  |Info:    |                Detection completed                 |
1853  |Info:    ------------------------------------------------------
