    OpenRGB v0.7
    Commit:  from 
    Launched: 20220817_070526
====================================================================================================

1041  |Info:    ------------------------------------------------------
1041  |Info:    |               Start device detection               |
1041  |Info:    ------------------------------------------------------
1041  |Info:    Initializing HID interfaces: Success
1049  |Info:    ------------------------------------------------------
1049  |Info:    |             Detecting I2C interfaces               |
1049  |Info:    ------------------------------------------------------
1049  |Info:    Registering I2C interface: /dev/i2c-3 Device 8086:0416 Subsystem: 17AA:3801
1049  |Info:    Registering I2C interface: /dev/i2c-1 Device 8086:0416 Subsystem: 17AA:3801
1049  |Info:    Registering I2C interface: /dev/i2c-6 Device 8086:0416 Subsystem: 17AA:3801
1049  |Info:    Registering I2C interface: /dev/i2c-4 Device 8086:0416 Subsystem: 17AA:3801
1049  |Info:    Registering I2C interface: /dev/i2c-2 Device 8086:0416 Subsystem: 17AA:3801
1122  |Info:    Registering I2C interface: /dev/i2c-0 Device 8086:8C22 Subsystem: 17AA:3978
1122  |Info:    Registering I2C interface: /dev/i2c-7 Device 0000:0000 Subsystem: 0000:0000
1122  |Info:    Registering I2C interface: /dev/i2c-5 Device 8086:0416 Subsystem: 17AA:3801
1122  |Info:    ------------------------------------------------------
1122  |Info:    |               Detecting I2C devices                |
1122  |Info:    ------------------------------------------------------
1144  |Info:    ------------------------------------------------------
1144  |Info:    |               Detecting HID devices                |
1144  |Info:    ------------------------------------------------------
1247  |Info:    Loading plugins
1809  |Info:    [K530] Registering RGB controller
1809  |Info:    ------------------------------------------------------
1809  |Info:    |              Detecting other devices               |
1809  |Info:    ------------------------------------------------------
1835  |Info:    ------------------------------------------------------
1835  |Info:    |                Detection completed                 |
1835  |Info:    ------------------------------------------------------
