    OpenRGB v0.7
    Commit:  from 
    Launched: 20221125_011314
====================================================================================================

1027  |Info:    ------------------------------------------------------
1027  |Info:    |               Start device detection               |
1027  |Info:    ------------------------------------------------------
1028  |Info:    Initializing HID interfaces: Success
1054  |Info:    ------------------------------------------------------
1054  |Info:    |             Detecting I2C interfaces               |
1054  |Info:    ------------------------------------------------------
1054  |Info:    Registering I2C interface: /dev/i2c-3 Device 8086:0416 Subsystem: 17AA:3801
1054  |Info:    Registering I2C interface: /dev/i2c-10 Device 10DE:0FE4 Subsystem: 17AA:3801
1054  |Info:    Registering I2C interface: /dev/i2c-1 Device 8086:0416 Subsystem: 17AA:3801
1055  |Info:    Registering I2C interface: /dev/i2c-8 Device 10DE:0FE4 Subsystem: 17AA:3801
1055  |Info:    Registering I2C interface: /dev/i2c-6 Device 8086:0416 Subsystem: 17AA:3801
1055  |Info:    Registering I2C interface: /dev/i2c-4 Device 8086:0416 Subsystem: 17AA:3801
1055  |Info:    Registering I2C interface: /dev/i2c-2 Device 8086:0416 Subsystem: 17AA:3801
1055  |Info:    Registering I2C interface: /dev/i2c-0 Device 8086:8C22 Subsystem: 17AA:3978
1055  |Info:    Registering I2C interface: /dev/i2c-9 Device 10DE:0FE4 Subsystem: 17AA:3801
1056  |Info:    Registering I2C interface: /dev/i2c-7 Device 0000:0000 Subsystem: 0000:0000
1056  |Info:    Registering I2C interface: /dev/i2c-5 Device 8086:0416 Subsystem: 17AA:3801
1056  |Info:    ------------------------------------------------------
1056  |Info:    |               Detecting I2C devices                |
1056  |Info:    ------------------------------------------------------
1063  |Info:    ------------------------------------------------------
1063  |Info:    |               Detecting HID devices                |
1063  |Info:    ------------------------------------------------------
1764  |Info:    [K530] Registering RGB controller
1764  |Info:    ------------------------------------------------------
1764  |Info:    |              Detecting other devices               |
1764  |Info:    ------------------------------------------------------
1843  |Info:    ------------------------------------------------------
1843  |Info:    |                Detection completed                 |
1843  |Info:    ------------------------------------------------------
2126  |Info:    Loading plugins
