    OpenRGB v0.7
    Commit:  from 
    Launched: 20220907_084752
====================================================================================================

1084  |Info:    ------------------------------------------------------
1084  |Info:    |               Start device detection               |
1084  |Info:    ------------------------------------------------------
1084  |Info:    Initializing HID interfaces: Success
1091  |Info:    ------------------------------------------------------
1091  |Info:    |             Detecting I2C interfaces               |
1091  |Info:    ------------------------------------------------------
1093  |Info:    Registering I2C interface: /dev/i2c-3 Device 8086:0416 Subsystem: 17AA:3801
1094  |Info:    Registering I2C interface: /dev/i2c-1 Device 8086:0416 Subsystem: 17AA:3801
1103  |Info:    Registering I2C interface: /dev/i2c-6 Device 8086:0416 Subsystem: 17AA:3801
1104  |Info:    Registering I2C interface: /dev/i2c-4 Device 8086:0416 Subsystem: 17AA:3801
1104  |Info:    Registering I2C interface: /dev/i2c-2 Device 8086:0416 Subsystem: 17AA:3801
1104  |Info:    Registering I2C interface: /dev/i2c-0 Device 8086:8C22 Subsystem: 17AA:3978
1104  |Info:    Registering I2C interface: /dev/i2c-7 Device 0000:0000 Subsystem: 0000:0000
1104  |Info:    Registering I2C interface: /dev/i2c-5 Device 8086:0416 Subsystem: 17AA:3801
1104  |Info:    ------------------------------------------------------
1104  |Info:    |               Detecting I2C devices                |
1104  |Info:    ------------------------------------------------------
1142  |Info:    ------------------------------------------------------
1142  |Info:    |               Detecting HID devices                |
1142  |Info:    ------------------------------------------------------
1400  |Info:    Loading plugins
1821  |Info:    [K530] Registering RGB controller
1822  |Info:    ------------------------------------------------------
1822  |Info:    |              Detecting other devices               |
1822  |Info:    ------------------------------------------------------
1837  |Info:    ------------------------------------------------------
1837  |Info:    |                Detection completed                 |
1837  |Info:    ------------------------------------------------------
