    OpenRGB v0.7
    Commit:  from 
    Launched: 20220904_082410
====================================================================================================

1039  |Info:    ------------------------------------------------------
1039  |Info:    |               Start device detection               |
1039  |Info:    ------------------------------------------------------
1039  |Info:    Initializing HID interfaces: Success
1051  |Info:    ------------------------------------------------------
1051  |Info:    |             Detecting I2C interfaces               |
1051  |Info:    ------------------------------------------------------
1053  |Info:    Registering I2C interface: /dev/i2c-3 Device 8086:0416 Subsystem: 17AA:3801
1054  |Info:    Registering I2C interface: /dev/i2c-1 Device 8086:0416 Subsystem: 17AA:3801
1055  |Info:    Registering I2C interface: /dev/i2c-6 Device 8086:0416 Subsystem: 17AA:3801
1055  |Info:    Registering I2C interface: /dev/i2c-4 Device 8086:0416 Subsystem: 17AA:3801
1056  |Info:    Registering I2C interface: /dev/i2c-2 Device 8086:0416 Subsystem: 17AA:3801
1056  |Info:    Registering I2C interface: /dev/i2c-0 Device 8086:8C22 Subsystem: 17AA:3978
1056  |Info:    Registering I2C interface: /dev/i2c-7 Device 0000:0000 Subsystem: 0000:0000
1056  |Info:    Registering I2C interface: /dev/i2c-5 Device 8086:0416 Subsystem: 17AA:3801
1056  |Info:    ------------------------------------------------------
1056  |Info:    |               Detecting I2C devices                |
1056  |Info:    ------------------------------------------------------
1087  |Info:    ------------------------------------------------------
1087  |Info:    |               Detecting HID devices                |
1087  |Info:    ------------------------------------------------------
1372  |Info:    Loading plugins
1860  |Info:    [K530] Registering RGB controller
1860  |Info:    ------------------------------------------------------
1860  |Info:    |              Detecting other devices               |
1860  |Info:    ------------------------------------------------------
1916  |Info:    ------------------------------------------------------
1916  |Info:    |                Detection completed                 |
1916  |Info:    ------------------------------------------------------
