    OpenRGB v0.7
    Commit:  from 
    Launched: 20220902_110942
====================================================================================================

1099  |Info:    ------------------------------------------------------
1099  |Info:    |               Start device detection               |
1099  |Info:    ------------------------------------------------------
1099  |Info:    Initializing HID interfaces: Success
1106  |Info:    ------------------------------------------------------
1106  |Info:    |             Detecting I2C interfaces               |
1106  |Info:    ------------------------------------------------------
1106  |Info:    Registering I2C interface: /dev/i2c-3 Device 8086:0416 Subsystem: 17AA:3801
1106  |Info:    Registering I2C interface: /dev/i2c-1 Device 8086:0416 Subsystem: 17AA:3801
1107  |Info:    Registering I2C interface: /dev/i2c-6 Device 8086:0416 Subsystem: 17AA:3801
1107  |Info:    Registering I2C interface: /dev/i2c-4 Device 8086:0416 Subsystem: 17AA:3801
1107  |Info:    Registering I2C interface: /dev/i2c-2 Device 8086:0416 Subsystem: 17AA:3801
1107  |Info:    Registering I2C interface: /dev/i2c-0 Device 8086:8C22 Subsystem: 17AA:3978
1107  |Info:    Registering I2C interface: /dev/i2c-7 Device 0000:0000 Subsystem: 0000:0000
1108  |Info:    Registering I2C interface: /dev/i2c-5 Device 8086:0416 Subsystem: 17AA:3801
1108  |Info:    ------------------------------------------------------
1108  |Info:    |               Detecting I2C devices                |
1108  |Info:    ------------------------------------------------------
1143  |Info:    ------------------------------------------------------
1143  |Info:    |               Detecting HID devices                |
1143  |Info:    ------------------------------------------------------
1260  |Info:    Loading plugins
1818  |Info:    [K530] Registering RGB controller
1818  |Info:    ------------------------------------------------------
1818  |Info:    |              Detecting other devices               |
1819  |Info:    ------------------------------------------------------
1833  |Info:    ------------------------------------------------------
1833  |Info:    |                Detection completed                 |
1833  |Info:    ------------------------------------------------------
