    OpenRGB v0.7
    Commit:  from 
    Launched: 20220608_082229
====================================================================================================

1001  |Info:    ------------------------------------------------------
1001  |Info:    |               Start device detection               |
1001  |Info:    ------------------------------------------------------
1001  |Info:    Initializing HID interfaces: Success
1006  |Info:    ------------------------------------------------------
1006  |Info:    |             Detecting I2C interfaces               |
1006  |Info:    ------------------------------------------------------
1009  |Info:    Registering I2C interface: /dev/i2c-3 Device 8086:0416 Subsystem: 17AA:3801
1010  |Info:    Registering I2C interface: /dev/i2c-1 Device 8086:0416 Subsystem: 17AA:3801
1010  |Info:    Registering I2C interface: /dev/i2c-6 Device 8086:0416 Subsystem: 17AA:3801
1010  |Info:    Registering I2C interface: /dev/i2c-4 Device 8086:0416 Subsystem: 17AA:3801
1010  |Info:    Registering I2C interface: /dev/i2c-2 Device 8086:0416 Subsystem: 17AA:3801
1010  |Info:    Registering I2C interface: /dev/i2c-0 Device 8086:8C22 Subsystem: 17AA:3978
1010  |Info:    Registering I2C interface: /dev/i2c-7 Device 0000:0000 Subsystem: 0000:0000
1010  |Info:    Registering I2C interface: /dev/i2c-5 Device 8086:0416 Subsystem: 17AA:3801
1010  |Info:    ------------------------------------------------------
1010  |Info:    |               Detecting I2C devices                |
1010  |Info:    ------------------------------------------------------
1015  |Info:    ------------------------------------------------------
1015  |Info:    |               Detecting HID devices                |
1015  |Info:    ------------------------------------------------------
1155  |Info:    Loading plugins
1541  |Info:    [K530] Registering RGB controller
1541  |Info:    ------------------------------------------------------
1541  |Info:    |              Detecting other devices               |
1541  |Info:    ------------------------------------------------------
1551  |Info:    ------------------------------------------------------
1551  |Info:    |                Detection completed                 |
1551  |Info:    ------------------------------------------------------
23116825|Info:    ------------------------------------------------------
23116825|Info:    |               Start device detection               |
23116825|Info:    ------------------------------------------------------
23116825|Info:    Initializing HID interfaces: Success
23116830|Info:    ------------------------------------------------------
23116830|Info:    |             Detecting I2C interfaces               |
23116830|Info:    ------------------------------------------------------
23116830|Info:    Registering I2C interface: /dev/i2c-3 Device 8086:0416 Subsystem: 17AA:3801
23116830|Info:    Registering I2C interface: /dev/i2c-1 Device 8086:0416 Subsystem: 17AA:3801
23116830|Info:    Registering I2C interface: /dev/i2c-6 Device 8086:0416 Subsystem: 17AA:3801
23116830|Info:    Registering I2C interface: /dev/i2c-4 Device 8086:0416 Subsystem: 17AA:3801
23116831|Info:    Registering I2C interface: /dev/i2c-2 Device 8086:0416 Subsystem: 17AA:3801
23116831|Info:    Registering I2C interface: /dev/i2c-0 Device 8086:8C22 Subsystem: 17AA:3978
23116831|Info:    Registering I2C interface: /dev/i2c-7 Device 0000:0000 Subsystem: 0000:0000
23116831|Info:    Registering I2C interface: /dev/i2c-5 Device 8086:0416 Subsystem: 17AA:3801
23116831|Info:    ------------------------------------------------------
23116831|Info:    |               Detecting I2C devices                |
23116831|Info:    ------------------------------------------------------
23116836|Info:    ------------------------------------------------------
23116836|Info:    |               Detecting HID devices                |
23116836|Info:    ------------------------------------------------------
23117514|Info:    [K530] Registering RGB controller
23117515|Info:    ------------------------------------------------------
23117515|Info:    |              Detecting other devices               |
23117515|Info:    ------------------------------------------------------
23117516|Info:    ------------------------------------------------------
23117516|Info:    |                Detection completed                 |
23117516|Info:    ------------------------------------------------------
