    OpenRGB v0.7
    Commit:  from 
    Launched: 20220727_164039
====================================================================================================

1084  |Info:    ------------------------------------------------------
1084  |Info:    |               Start device detection               |
1084  |Info:    ------------------------------------------------------
1084  |Info:    Initializing HID interfaces: Success
1090  |Info:    ------------------------------------------------------
1090  |Info:    |             Detecting I2C interfaces               |
1090  |Info:    ------------------------------------------------------
1090  |Info:    Registering I2C interface: /dev/i2c-3 Device 8086:0416 Subsystem: 17AA:3801
1091  |Info:    Registering I2C interface: /dev/i2c-1 Device 8086:0416 Subsystem: 17AA:3801
1091  |Info:    Registering I2C interface: /dev/i2c-6 Device 8086:0416 Subsystem: 17AA:3801
1091  |Info:    Registering I2C interface: /dev/i2c-4 Device 8086:0416 Subsystem: 17AA:3801
1091  |Info:    Registering I2C interface: /dev/i2c-2 Device 8086:0416 Subsystem: 17AA:3801
1091  |Info:    Registering I2C interface: /dev/i2c-0 Device 8086:8C22 Subsystem: 17AA:3978
1091  |Info:    Registering I2C interface: /dev/i2c-7 Device 0000:0000 Subsystem: 0000:0000
1091  |Info:    Registering I2C interface: /dev/i2c-5 Device 8086:0416 Subsystem: 17AA:3801
1091  |Info:    ------------------------------------------------------
1091  |Info:    |               Detecting I2C devices                |
1091  |Info:    ------------------------------------------------------
1131  |Info:    ------------------------------------------------------
1131  |Info:    |               Detecting HID devices                |
1131  |Info:    ------------------------------------------------------
1290  |Info:    Loading plugins
1797  |Info:    [K530] Registering RGB controller
1797  |Info:    ------------------------------------------------------
1797  |Info:    |              Detecting other devices               |
1797  |Info:    ------------------------------------------------------
1808  |Info:    ------------------------------------------------------
1808  |Info:    |                Detection completed                 |
1808  |Info:    ------------------------------------------------------
