    OpenRGB v0.7
    Commit:  from 
    Launched: 20220913_190042
====================================================================================================

1089  |Info:    ------------------------------------------------------
1089  |Info:    |               Start device detection               |
1089  |Info:    ------------------------------------------------------
1090  |Info:    Initializing HID interfaces: Success
1162  |Info:    ------------------------------------------------------
1162  |Info:    |             Detecting I2C interfaces               |
1162  |Info:    ------------------------------------------------------
1162  |Info:    Registering I2C interface: /dev/i2c-3 Device 8086:0416 Subsystem: 17AA:3801
1162  |Info:    Registering I2C interface: /dev/i2c-1 Device 8086:0416 Subsystem: 17AA:3801
1162  |Info:    Registering I2C interface: /dev/i2c-6 Device 8086:0416 Subsystem: 17AA:3801
1162  |Info:    Registering I2C interface: /dev/i2c-4 Device 8086:0416 Subsystem: 17AA:3801
1163  |Info:    Registering I2C interface: /dev/i2c-2 Device 8086:0416 Subsystem: 17AA:3801
1163  |Info:    Registering I2C interface: /dev/i2c-0 Device 8086:8C22 Subsystem: 17AA:3978
1163  |Info:    Registering I2C interface: /dev/i2c-7 Device 0000:0000 Subsystem: 0000:0000
1163  |Info:    Registering I2C interface: /dev/i2c-5 Device 8086:0416 Subsystem: 17AA:3801
1163  |Info:    ------------------------------------------------------
1163  |Info:    |               Detecting I2C devices                |
1163  |Info:    ------------------------------------------------------
1233  |Info:    ------------------------------------------------------
1233  |Info:    |               Detecting HID devices                |
1233  |Info:    ------------------------------------------------------
1809  |Info:    Loading plugins
1908  |Info:    [K530] Registering RGB controller
1908  |Info:    ------------------------------------------------------
1908  |Info:    |              Detecting other devices               |
1908  |Info:    ------------------------------------------------------
1931  |Info:    ------------------------------------------------------
1931  |Info:    |                Detection completed                 |
1931  |Info:    ------------------------------------------------------
