    OpenRGB v0.7
    Commit:  from 
    Launched: 20220905_060357
====================================================================================================

1064  |Info:    ------------------------------------------------------
1064  |Info:    |               Start device detection               |
1064  |Info:    ------------------------------------------------------
1064  |Info:    Initializing HID interfaces: Success
1065  |Info:    ------------------------------------------------------
1065  |Info:    |             Detecting I2C interfaces               |
1065  |Info:    ------------------------------------------------------
1065  |Info:    Registering I2C interface: /dev/i2c-3 Device 8086:0416 Subsystem: 17AA:3801
1065  |Info:    Registering I2C interface: /dev/i2c-1 Device 8086:0416 Subsystem: 17AA:3801
1065  |Info:    Registering I2C interface: /dev/i2c-6 Device 8086:0416 Subsystem: 17AA:3801
1065  |Info:    Registering I2C interface: /dev/i2c-4 Device 8086:0416 Subsystem: 17AA:3801
1065  |Info:    Registering I2C interface: /dev/i2c-2 Device 8086:0416 Subsystem: 17AA:3801
1065  |Info:    Registering I2C interface: /dev/i2c-0 Device 8086:8C22 Subsystem: 17AA:3978
1066  |Info:    Registering I2C interface: /dev/i2c-7 Device 0000:0000 Subsystem: 0000:0000
1066  |Info:    Registering I2C interface: /dev/i2c-5 Device 8086:0416 Subsystem: 17AA:3801
1066  |Info:    ------------------------------------------------------
1066  |Info:    |               Detecting I2C devices                |
1066  |Info:    ------------------------------------------------------
1101  |Info:    ------------------------------------------------------
1103  |Info:    |               Detecting HID devices                |
1103  |Info:    ------------------------------------------------------
1103  |Info:    ------------------------------------------------------
1103  |Info:    |              Detecting other devices               |
1103  |Info:    ------------------------------------------------------
1142  |Info:    ------------------------------------------------------
1142  |Info:    |                Detection completed                 |
1142  |Info:    ------------------------------------------------------
1213  |Info:    Loading plugins
