    OpenRGB v0.7
    Commit:  from 
    Launched: 20220908_121621
====================================================================================================

1079  |Info:    ------------------------------------------------------
1079  |Info:    |               Start device detection               |
1079  |Info:    ------------------------------------------------------
1079  |Info:    Initializing HID interfaces: Success
1085  |Info:    ------------------------------------------------------
1089  |Info:    |             Detecting I2C interfaces               |
1089  |Info:    ------------------------------------------------------
1089  |Info:    Registering I2C interface: /dev/i2c-3 Device 8086:0416 Subsystem: 17AA:3801
1091  |Info:    Registering I2C interface: /dev/i2c-1 Device 8086:0416 Subsystem: 17AA:3801
1092  |Info:    Registering I2C interface: /dev/i2c-6 Device 8086:0416 Subsystem: 17AA:3801
1092  |Info:    Registering I2C interface: /dev/i2c-4 Device 8086:0416 Subsystem: 17AA:3801
1092  |Info:    Registering I2C interface: /dev/i2c-2 Device 8086:0416 Subsystem: 17AA:3801
1092  |Info:    Registering I2C interface: /dev/i2c-0 Device 8086:8C22 Subsystem: 17AA:3978
1092  |Info:    Registering I2C interface: /dev/i2c-7 Device 0000:0000 Subsystem: 0000:0000
1092  |Info:    Registering I2C interface: /dev/i2c-5 Device 8086:0416 Subsystem: 17AA:3801
1092  |Info:    ------------------------------------------------------
1092  |Info:    |               Detecting I2C devices                |
1092  |Info:    ------------------------------------------------------
1123  |Info:    ------------------------------------------------------
1123  |Info:    |               Detecting HID devices                |
1123  |Info:    ------------------------------------------------------
1254  |Info:    Loading plugins
1784  |Info:    [K530] Registering RGB controller
1784  |Info:    ------------------------------------------------------
1784  |Info:    |              Detecting other devices               |
1784  |Info:    ------------------------------------------------------
1799  |Info:    ------------------------------------------------------
1799  |Info:    |                Detection completed                 |
1799  |Info:    ------------------------------------------------------
