    OpenRGB v0.7
    Commit:  from 
    Launched: 20220905_035656
====================================================================================================

1082  |Info:    ------------------------------------------------------
1082  |Info:    |               Start device detection               |
1082  |Info:    ------------------------------------------------------
1082  |Info:    Initializing HID interfaces: Success
1082  |Info:    ------------------------------------------------------
1082  |Info:    |             Detecting I2C interfaces               |
1082  |Info:    ------------------------------------------------------
1082  |Info:    Registering I2C interface: /dev/i2c-3 Device 8086:0416 Subsystem: 17AA:3801
1083  |Info:    Registering I2C interface: /dev/i2c-1 Device 8086:0416 Subsystem: 17AA:3801
1083  |Info:    Registering I2C interface: /dev/i2c-6 Device 8086:0416 Subsystem: 17AA:3801
1083  |Info:    Registering I2C interface: /dev/i2c-4 Device 8086:0416 Subsystem: 17AA:3801
1083  |Info:    Registering I2C interface: /dev/i2c-2 Device 8086:0416 Subsystem: 17AA:3801
1083  |Info:    Registering I2C interface: /dev/i2c-0 Device 8086:8C22 Subsystem: 17AA:3978
1083  |Info:    Registering I2C interface: /dev/i2c-7 Device 0000:0000 Subsystem: 0000:0000
1084  |Info:    Registering I2C interface: /dev/i2c-5 Device 8086:0416 Subsystem: 17AA:3801
1084  |Info:    ------------------------------------------------------
1084  |Info:    |               Detecting I2C devices                |
1084  |Info:    ------------------------------------------------------
1109  |Info:    ------------------------------------------------------
1109  |Info:    |               Detecting HID devices                |
1109  |Info:    ------------------------------------------------------
1109  |Info:    ------------------------------------------------------
1109  |Info:    |              Detecting other devices               |
1109  |Info:    ------------------------------------------------------
1173  |Info:    ------------------------------------------------------
1180  |Info:    |                Detection completed                 |
1180  |Info:    ------------------------------------------------------
1249  |Info:    Loading plugins
