    OpenRGB v0.7
    Commit:  from 
    Launched: 20220713_034448
====================================================================================================

1062  |Info:    ------------------------------------------------------
1062  |Info:    |               Start device detection               |
1062  |Info:    ------------------------------------------------------
1062  |Info:    Initializing HID interfaces: Success
1065  |Info:    ------------------------------------------------------
1065  |Info:    |             Detecting I2C interfaces               |
1065  |Info:    ------------------------------------------------------
1070  |Info:    Registering I2C interface: /dev/i2c-3 Device 8086:0416 Subsystem: 17AA:3801
1070  |Info:    Registering I2C interface: /dev/i2c-1 Device 8086:0416 Subsystem: 17AA:3801
1070  |Info:    Registering I2C interface: /dev/i2c-6 Device 8086:0416 Subsystem: 17AA:3801
1070  |Info:    Registering I2C interface: /dev/i2c-4 Device 8086:0416 Subsystem: 17AA:3801
1070  |Info:    Registering I2C interface: /dev/i2c-2 Device 8086:0416 Subsystem: 17AA:3801
1070  |Info:    Registering I2C interface: /dev/i2c-0 Device 8086:8C22 Subsystem: 17AA:3978
1071  |Info:    Registering I2C interface: /dev/i2c-7 Device 0000:0000 Subsystem: 0000:0000
1071  |Info:    Registering I2C interface: /dev/i2c-5 Device 8086:0416 Subsystem: 17AA:3801
1071  |Info:    ------------------------------------------------------
1071  |Info:    |               Detecting I2C devices                |
1071  |Info:    ------------------------------------------------------
1090  |Info:    ------------------------------------------------------
1090  |Info:    |               Detecting HID devices                |
1090  |Info:    ------------------------------------------------------
1090  |Info:    ------------------------------------------------------
1090  |Info:    |              Detecting other devices               |
1090  |Info:    ------------------------------------------------------
1145  |Info:    ------------------------------------------------------
1145  |Info:    |                Detection completed                 |
1145  |Info:    ------------------------------------------------------
1212  |Info:    Loading plugins
